#
# There is insufficient memory for the Java Runtime Environment to continue.
# Native memory allocation (malloc) failed to allocate 1526016 bytes for Chunk::new
# Possible reasons:
#   The system is out of physical RAM or swap space
#   In 32 bit mode, the process size limit was hit
# Possible solutions:
#   Reduce memory load on the system
#   Increase physical memory or swap space
#   Check if swap backing store is full
#   Use 64 bit Java on a 64 bit OS
#   Decrease Java heap size (-Xmx/-Xms)
#   Decrease number of Java threads
#   Decrease Java thread stack sizes (-Xss)
#   Set larger code cache with -XX:ReservedCodeCacheSize=
# This output file may be truncated or incomplete.
#
#  Out of Memory Error (allocation.cpp:390), pid=5608, tid=0x000000000000259c
#
# JRE version: Java(TM) SE Runtime Environment (8.0_101-b13) (build 1.8.0_101-b13)
# Java VM: Java HotSpot(TM) 64-Bit Server VM (25.101-b13 mixed mode windows-amd64 compressed oops)
# Failed to write core dump. Minidumps are not enabled by default on client versions of Windows
#

---------------  T H R E A D  ---------------

Current thread (0x0000000014ffe800):  JavaThread "C2 CompilerThread0" daemon [_thread_in_native, id=9628, stack(0x0000000016630000,0x0000000016730000)]

Stack: [0x0000000016630000,0x0000000016730000]
[error occurred during error reporting (printing stack bounds), id 0xc0000005]

Native frames: (J=compiled Java code, j=interpreted, Vv=VM code, C=native code)


Current CompileTask:
C2:  23376 5138       4       sun.reflect.generics.parser.SignatureParser::parseFieldTypeSignature (73 bytes)


---------------  P R O C E S S  ---------------

Java Threads: ( => current thread )
  0x0000000018f73800 JavaThread "File lock request listener" [_thread_in_native, id=4156, stack(0x000000001a7f0000,0x000000001a8f0000)]
  0x0000000018adb800 JavaThread "Stdin handler" [_thread_blocked, id=9220, stack(0x000000001a0f0000,0x000000001a1f0000)]
  0x0000000016bad800 JavaThread "Daemon worker" [_thread_in_Java, id=8236, stack(0x0000000019ff0000,0x000000001a0f0000)]
  0x0000000016bad000 JavaThread "Cancel handler" [_thread_blocked, id=9692, stack(0x0000000019ef0000,0x0000000019ff0000)]
  0x0000000018a3c000 JavaThread "Handler for socket connection from /127.0.0.1:29219 to /127.0.0.1:29221" [_thread_in_native, id=7908, stack(0x0000000019df0000,0x0000000019ef0000)]
  0x000000001715b800 JavaThread "Daemon" [_thread_blocked, id=2408, stack(0x0000000019bf0000,0x0000000019cf0000)]
  0x0000000018cb1800 JavaThread "Incoming local TCP Connector on port 29219" [_thread_in_native, id=7928, stack(0x00000000198f0000,0x00000000199f0000)]
  0x0000000016970800 JavaThread "Service Thread" daemon [_thread_blocked, id=10184, stack(0x0000000016d30000,0x0000000016e30000)]
  0x0000000015009000 JavaThread "C1 CompilerThread2" daemon [_thread_blocked, id=1016, stack(0x0000000016830000,0x0000000016930000)]
  0x0000000015002000 JavaThread "C2 CompilerThread1" daemon [_thread_in_native, id=604, stack(0x0000000016730000,0x0000000016830000)]
=>0x0000000014ffe800 JavaThread "C2 CompilerThread0" daemon [_thread_in_native, id=9628, stack(0x0000000016630000,0x0000000016730000)]
  0x0000000014ffb000 JavaThread "Attach Listener" daemon [_thread_blocked, id=3808, stack(0x0000000016530000,0x0000000016630000)]
  0x0000000014ff9800 JavaThread "Signal Dispatcher" daemon [_thread_blocked, id=10152, stack(0x0000000016430000,0x0000000016530000)]
  0x0000000014fea800 JavaThread "Finalizer" daemon [_thread_blocked, id=8412, stack(0x0000000016250000,0x0000000016350000)]
  0x0000000002920000 JavaThread "Reference Handler" daemon [_thread_blocked, id=1156, stack(0x0000000016150000,0x0000000016250000)]
  0x000000000282e000 JavaThread "main" [_thread_blocked, id=8964, stack(0x0000000002690000,0x0000000002790000)]

Other Threads:
  0x0000000014fc7800 VMThread [stack: 0x0000000016050000,0x0000000016150000] [id=4584]
  0x0000000016974000 WatcherThread [stack: 0x0000000016e30000,0x0000000016f30000] [id=9976]

VM state:not at safepoint (normal execution)

VM Mutex/Monitor currently owned by a thread: None

Heap:
 PSYoungGen      total 118784K, used 37225K [0x00000000eab00000, 0x00000000f3500000, 0x0000000100000000)
  eden space 110080K, 25% used [0x00000000eab00000,0x00000000ec6dd4e0,0x00000000f1680000)
  from space 8704K, 99% used [0x00000000f2400000,0x00000000f2c7d108,0x00000000f2c80000)
  to   space 1536K, 0% used [0x00000000f3380000,0x00000000f3380000,0x00000000f3500000)
 ParOldGen       total 37888K, used 27071K [0x00000000c0000000, 0x00000000c2500000, 0x00000000eab00000)
  object space 37888K, 71% used [0x00000000c0000000,0x00000000c1a6fea0,0x00000000c2500000)
 Metaspace       used 43982K, capacity 44824K, committed 45184K, reserved 1087488K
  class space    used 5977K, capacity 6151K, committed 6272K, reserved 1048576K

Card table byte_map: [0x0000000011cf0000,0x0000000011f00000] byte_map_base: 0x00000000116f0000

Marking Bits: (ParMarkBitMap*) 0x000000006e52a6d0
 Begin Bits: [0x0000000012460000, 0x0000000013460000)
 End Bits:   [0x0000000013460000, 0x0000000014460000)

Polling page: 0x0000000002600000

CodeCache: size=245760Kb used=16992Kb max_used=16992Kb free=228767Kb
 bounds [0x0000000002930000, 0x00000000039e0000, 0x0000000011930000]
 total_blobs=5264 nmethods=4546 adapters=629
 compilation: enabled

Compilation events (10 events):
Event: 23.304 Thread 0x0000000015009000 5199       3       org.gradle.api.internal.artifacts.configurations.DefaultConfiguration_Decorated::getExtendsFrom (26 bytes)
Event: 23.305 Thread 0x0000000015009000 nmethod 5199 0x00000000039d3490 code [0x00000000039d3720, 0x00000000039d47b8]
Event: 23.305 Thread 0x0000000015009000 5200       3       org.gradle.api.internal.artifacts.configurations.DefaultConfiguration::getExtendsFrom (8 bytes)
Event: 23.306 Thread 0x0000000015009000 nmethod 5200 0x00000000039d5510 code [0x00000000039d56a0, 0x00000000039d5ac8]
Event: 23.306 Thread 0x0000000015009000 5196       3       sun.security.jca.GetInstance::checkSuperClass (68 bytes)
Event: 23.307 Thread 0x0000000015009000 nmethod 5196 0x00000000039d5d10 code [0x00000000039d5f60, 0x00000000039d6ea8]
Event: 23.307 Thread 0x0000000015009000 5197   !   3       sun.security.provider.DigestBase::engineDigest (39 bytes)
Event: 23.307 Thread 0x0000000015009000 nmethod 5197 0x00000000039d74d0 code [0x00000000039d7680, 0x00000000039d7bc8]
Event: 23.307 Thread 0x0000000015009000 5198       3       sun.security.provider.DigestBase::engineDigest (112 bytes)
Event: 23.308 Thread 0x0000000015009000 nmethod 5198 0x00000000039d7d90 code [0x00000000039d8000, 0x00000000039d8ff8]

GC Heap History (10 events):
Event: 13.702 GC heap before
{Heap before GC invocations=9 (full 1):
 PSYoungGen      total 118784K, used 112176K [0x00000000eab00000, 0x00000000f3500000, 0x0000000100000000)
  eden space 110080K, 100% used [0x00000000eab00000,0x00000000f1680000,0x00000000f1680000)
  from space 8704K, 24% used [0x00000000f2400000,0x00000000f260c030,0x00000000f2c80000)
  to   space 1536K, 0% used [0x00000000f3380000,0x00000000f3380000,0x00000000f3500000)
 ParOldGen       total 37888K, used 10237K [0x00000000c0000000, 0x00000000c2500000, 0x00000000eab00000)
  object space 37888K, 27% used [0x00000000c0000000,0x00000000c09ff6a8,0x00000000c2500000)
 Metaspace       used 26825K, capacity 27468K, committed 27648K, reserved 1073152K
  class space    used 3633K, capacity 3807K, committed 3840K, reserved 1048576K
Event: 13.713 GC heap after
Heap after GC invocations=9 (full 1):
 PSYoungGen      total 111616K, used 1536K [0x00000000eab00000, 0x00000000f3500000, 0x0000000100000000)
  eden space 110080K, 0% used [0x00000000eab00000,0x00000000eab00000,0x00000000f1680000)
  from space 1536K, 100% used [0x00000000f3380000,0x00000000f3500000,0x00000000f3500000)
  to   space 8704K, 0% used [0x00000000f2400000,0x00000000f2400000,0x00000000f2c80000)
 ParOldGen       total 37888K, used 19174K [0x00000000c0000000, 0x00000000c2500000, 0x00000000eab00000)
  object space 37888K, 50% used [0x00000000c0000000,0x00000000c12b9828,0x00000000c2500000)
 Metaspace       used 26825K, capacity 27468K, committed 27648K, reserved 1073152K
  class space    used 3633K, capacity 3807K, committed 3840K, reserved 1048576K
}
Event: 18.827 GC heap before
{Heap before GC invocations=10 (full 1):
 PSYoungGen      total 111616K, used 111616K [0x00000000eab00000, 0x00000000f3500000, 0x0000000100000000)
  eden space 110080K, 100% used [0x00000000eab00000,0x00000000f1680000,0x00000000f1680000)
  from space 1536K, 100% used [0x00000000f3380000,0x00000000f3500000,0x00000000f3500000)
  to   space 8704K, 0% used [0x00000000f2400000,0x00000000f2400000,0x00000000f2c80000)
 ParOldGen       total 37888K, used 19174K [0x00000000c0000000, 0x00000000c2500000, 0x00000000eab00000)
  object space 37888K, 50% used [0x00000000c0000000,0x00000000c12b9828,0x00000000c2500000)
 Metaspace       used 32714K, capacity 33450K, committed 33536K, reserved 1079296K
  class space    used 4362K, capacity 4542K, committed 4608K, reserved 1048576K
Event: 18.843 GC heap after
Heap after GC invocations=10 (full 1):
 PSYoungGen      total 118784K, used 8678K [0x00000000eab00000, 0x00000000f3500000, 0x0000000100000000)
  eden space 110080K, 0% used [0x00000000eab00000,0x00000000eab00000,0x00000000f1680000)
  from space 8704K, 99% used [0x00000000f2400000,0x00000000f2c79940,0x00000000f2c80000)
  to   space 1536K, 0% used [0x00000000f3380000,0x00000000f3380000,0x00000000f3500000)
 ParOldGen       total 37888K, used 19451K [0x00000000c0000000, 0x00000000c2500000, 0x00000000eab00000)
  object space 37888K, 51% used [0x00000000c0000000,0x00000000c12feec8,0x00000000c2500000)
 Metaspace       used 32714K, capacity 33450K, committed 33536K, reserved 1079296K
  class space    used 4362K, capacity 4542K, committed 4608K, reserved 1048576K
}
Event: 19.949 GC heap before
{Heap before GC invocations=11 (full 1):
 PSYoungGen      total 118784K, used 54528K [0x00000000eab00000, 0x00000000f3500000, 0x0000000100000000)
  eden space 110080K, 41% used [0x00000000eab00000,0x00000000ed7c66c0,0x00000000f1680000)
  from space 8704K, 99% used [0x00000000f2400000,0x00000000f2c79940,0x00000000f2c80000)
  to   space 1536K, 0% used [0x00000000f3380000,0x00000000f3380000,0x00000000f3500000)
 ParOldGen       total 37888K, used 19451K [0x00000000c0000000, 0x00000000c2500000, 0x00000000eab00000)
  object space 37888K, 51% used [0x00000000c0000000,0x00000000c12feec8,0x00000000c2500000)
 Metaspace       used 34693K, capacity 35398K, committed 35496K, reserved 1079296K
  class space    used 4610K, capacity 4806K, committed 4864K, reserved 1048576K
Event: 19.958 GC heap after
Heap after GC invocations=11 (full 1):
 PSYoungGen      total 111616K, used 1536K [0x00000000eab00000, 0x00000000f3500000, 0x0000000100000000)
  eden space 110080K, 0% used [0x00000000eab00000,0x00000000eab00000,0x00000000f1680000)
  from space 1536K, 100% used [0x00000000f3380000,0x00000000f3500000,0x00000000f3500000)
  to   space 8704K, 0% used [0x00000000f2400000,0x00000000f2400000,0x00000000f2c80000)
 ParOldGen       total 37888K, used 24904K [0x00000000c0000000, 0x00000000c2500000, 0x00000000eab00000)
  object space 37888K, 65% used [0x00000000c0000000,0x00000000c1852280,0x00000000c2500000)
 Metaspace       used 34693K, capacity 35398K, committed 35496K, reserved 1079296K
  class space    used 4610K, capacity 4806K, committed 4864K, reserved 1048576K
}
Event: 19.958 GC heap before
{Heap before GC invocations=12 (full 2):
 PSYoungGen      total 111616K, used 1536K [0x00000000eab00000, 0x00000000f3500000, 0x0000000100000000)
  eden space 110080K, 0% used [0x00000000eab00000,0x00000000eab00000,0x00000000f1680000)
  from space 1536K, 100% used [0x00000000f3380000,0x00000000f3500000,0x00000000f3500000)
  to   space 8704K, 0% used [0x00000000f2400000,0x00000000f2400000,0x00000000f2c80000)
 ParOldGen       total 37888K, used 24904K [0x00000000c0000000, 0x00000000c2500000, 0x00000000eab00000)
  object space 37888K, 65% used [0x00000000c0000000,0x00000000c1852280,0x00000000c2500000)
 Metaspace       used 34693K, capacity 35398K, committed 35496K, reserved 1079296K
  class space    used 4610K, capacity 4806K, committed 4864K, reserved 1048576K
Event: 20.068 GC heap after
Heap after GC invocations=12 (full 2):
 PSYoungGen      total 111616K, used 0K [0x00000000eab00000, 0x00000000f3500000, 0x0000000100000000)
  eden space 110080K, 0% used [0x00000000eab00000,0x00000000eab00000,0x00000000f1680000)
  from space 1536K, 0% used [0x00000000f3380000,0x00000000f3380000,0x00000000f3500000)
  to   space 8704K, 0% used [0x00000000f2400000,0x00000000f2400000,0x00000000f2c80000)
 ParOldGen       total 37888K, used 21299K [0x00000000c0000000, 0x00000000c2500000, 0x00000000eab00000)
  object space 37888K, 56% used [0x00000000c0000000,0x00000000c14ccdd0,0x00000000c2500000)
 Metaspace       used 34650K, capacity 35288K, committed 35496K, reserved 1079296K
  class space    used 4597K, capacity 4792K, committed 4864K, reserved 1048576K
}
Event: 22.877 GC heap before
{Heap before GC invocations=13 (full 2):
 PSYoungGen      total 111616K, used 110080K [0x00000000eab00000, 0x00000000f3500000, 0x0000000100000000)
  eden space 110080K, 100% used [0x00000000eab00000,0x00000000f1680000,0x00000000f1680000)
  from space 1536K, 0% used [0x00000000f3380000,0x00000000f3380000,0x00000000f3500000)
  to   space 8704K, 0% used [0x00000000f2400000,0x00000000f2400000,0x00000000f2c80000)
 ParOldGen       total 37888K, used 21299K [0x00000000c0000000, 0x00000000c2500000, 0x00000000eab00000)
  object space 37888K, 56% used [0x00000000c0000000,0x00000000c14ccdd0,0x00000000c2500000)
 Metaspace       used 42908K, capacity 43696K, committed 43904K, reserved 1087488K
  class space    used 5788K, capacity 5968K, committed 6016K, reserved 1048576K
Event: 22.899 GC heap after
Heap after GC invocations=13 (full 2):
 PSYoungGen      total 118784K, used 8692K [0x00000000eab00000, 0x00000000f3500000, 0x0000000100000000)
  eden space 110080K, 0% used [0x00000000eab00000,0x00000000eab00000,0x00000000f1680000)
  from space 8704K, 99% used [0x00000000f2400000,0x00000000f2c7d108,0x00000000f2c80000)
  to   space 1536K, 0% used [0x00000000f3380000,0x00000000f3380000,0x00000000f3500000)
 ParOldGen       total 37888K, used 27071K [0x00000000c0000000, 0x00000000c2500000, 0x00000000eab00000)
  object space 37888K, 71% used [0x00000000c0000000,0x00000000c1a6fea0,0x00000000c2500000)
 Metaspace       used 42908K, capacity 43696K, committed 43904K, reserved 1087488K
  class space    used 5788K, capacity 5968K, committed 6016K, reserved 1048576K
}

Deoptimization events (10 events):
Event: 21.525 Thread 0x0000000016bad800 Uncommon trap: reason=bimorphic action=maybe_recompile pc=0x0000000003550cbc method=com.sun.org.apache.xerces.internal.impl.XMLEntityManager$RewindableInputStream.read()I @ 91
Event: 21.525 Thread 0x0000000016bad800 Uncommon trap: reason=bimorphic action=maybe_recompile pc=0x0000000003550cbc method=com.sun.org.apache.xerces.internal.impl.XMLEntityManager$RewindableInputStream.read()I @ 91
Event: 21.525 Thread 0x0000000016bad800 Uncommon trap: reason=bimorphic action=maybe_recompile pc=0x0000000003550cbc method=com.sun.org.apache.xerces.internal.impl.XMLEntityManager$RewindableInputStream.read()I @ 91
Event: 21.542 Thread 0x0000000016bad800 Uncommon trap: reason=unstable_if action=reinterpret pc=0x00000000033c6ac4 method=java.lang.Integer.parseInt(Ljava/lang/String;I)I @ 197
Event: 22.170 Thread 0x0000000016bad800 Uncommon trap: reason=unstable_if action=reinterpret pc=0x0000000002a7f860 method=java.net.URI.match(CJJ)Z @ 45
Event: 22.506 Thread 0x0000000016bad800 Uncommon trap: reason=unstable_if action=reinterpret pc=0x0000000002aca280 method=java.util.Arrays.hashCode([Ljava/lang/Object;)I @ 34
Event: 22.698 Thread 0x0000000016bad800 Uncommon trap: reason=unstable_if action=reinterpret pc=0x0000000003267d1c method=groovy.lang.MetaClassImpl.checkIfStdMethod(Lgroovy/lang/MetaMethod;)V @ 79
Event: 22.698 Thread 0x0000000016bad800 Uncommon trap: reason=unstable_if action=reinterpret pc=0x000000000324cc34 method=groovy.lang.MetaClassImpl.checkIfStdMethod(Lgroovy/lang/MetaMethod;)V @ 79
Event: 22.899 Thread 0x0000000014fea800 Uncommon trap: reason=unstable_if action=reinterpret pc=0x00000000031c1a80 method=java.util.WeakHashMap.remove(Ljava/lang/Object;)Ljava/lang/Object; @ 67
Event: 23.162 Thread 0x0000000016bad800 Uncommon trap: reason=unstable_if action=reinterpret pc=0x0000000003140490 method=org.objectweb.asm.Type.getArgumentsAndReturnSizes(Ljava/lang/String;)I @ 47

Internal exceptions (10 events):
Event: 23.251 Thread 0x0000000016bad800 Exception <a 'java/lang/ClassNotFoundException': com/android/build/gradle/internal/tasks/UninstallTask_DecoratedBeanInfo> (0x00000000ec3bbbe8) thrown at [C:\re\workspace\8-2-build-windows-amd64-cygwin\jdk8u101\7261\hotspot\src\share\vm\classfile\systemDictsq@7@
Event: 23.252 Thread 0x0000000016bad800 Exception <a 'java/lang/ClassNotFoundException': com/android/build/gradle/internal/tasks/UninstallTaskBeanInfo> (0x00000000ec3cd090) thrown at [C:\re\workspace\8-2-build-windows-amd64-cygwin\jdk8u101\7261\hotspot\src\share\vm\classfile\systemDictionary.cpp +@7@
Event: 23.252 Thread 0x0000000016bad800 Exception <a 'java/lang/ClassNotFoundException': com/android/build/gradle/internal/tasks/UninstallTaskCustomizer> (0x00000000ec3de690) thrown at [C:\re\workspace\8-2-build-windows-amd64-cygwin\jdk8u101\7261\hotspot\src\share\vm\classfile\systemDictionary.c
Event: 23.253 Thread 0x0000000016bad800 Exception <a 'java/lang/ClassNotFoundException': com/android/build/gradle/internal/tasks/UninstallTask_DecoratedCustomizer> (0x00000000ec407af0) thrown at [C:\re\workspace\8-2-build-windows-amd64-cygwin\jdk8u101\7261\hotspot\src\share\vm\classfile\systemDiu62B7@
Event: 23.259 Thread 0x0000000016bad800 Exception <a 'java/lang/ClassNotFoundException': com/android/build/gradle/tasks/Lint$ConfigActionBeanInfo> (0x00000000ec47efd0) thrown at [C:\re\workspace\8-2-build-windows-amd64-cygwin\jdk8u101\7261\hotspot\src\share\vm\classfile\systemDictionary.cpp, lin溉RB7@
Event: 23.259 Thread 0x0000000016bad800 Exception <a 'java/lang/ClassNotFoundException': com/android/build/gradle/tasks/Lint$ConfigActionCustomizer> (0x00000000ec48f410) thrown at [C:\re\workspace\8-2-build-windows-amd64-cygwin\jdk8u101\7261\hotspot\src\share\vm\classfile\systemDictionary.cpp, ltRC7@
Event: 23.264 Thread 0x0000000016bad800 Exception <a 'java/lang/ClassNotFoundException': com/android/build/gradle/internal/SdkHandlerBeanInfo> (0x00000000ec4d5878) thrown at [C:\re\workspace\8-2-build-windows-amd64-cygwin\jdk8u101\7261\hotspot\src\share\vm\classfile\systemDictionary.cpp, line 21<<zC7@
Event: 23.265 Thread 0x0000000016bad800 Exception <a 'java/lang/ClassNotFoundException': com/android/build/gradle/internal/SdkHandlerCustomizer> (0x00000000ec4e5538) thrown at [C:\re\workspace\8-2-build-windows-amd64-cygwin\jdk8u101\7261\hotspot\src\share\vm\classfile\systemDictionary.cpp, line nK7@
Event: 23.293 Thread 0x0000000016bad800 Exception <a 'java/lang/ClassNotFoundException': org/gradle/api/plugins/JavaBasePluginBeanInfo> (0x00000000ec55c0a8) thrown at [C:\re\workspace\8-2-build-windows-amd64-cygwin\jdk8u101\7261\hotspot\src\share\vm\classfile\systemDictionary.cpp, line 210]
Event: 23.293 Thread 0x0000000016bad800 Exception <a 'java/lang/ClassNotFoundException': org/gradle/api/plugins/JavaBasePluginCustomizer> (0x00000000ec575398) thrown at [C:\re\workspace\8-2-build-windows-amd64-cygwin\jdk8u101\7261\hotspot\src\share\vm\classfile\systemDictionary.cpp, line 210]

Events (10 events):
Event: 23.347 loading class org/gradle/internal/component/external/model/IvyModuleResolveMetaData
Event: 23.347 loading class org/gradle/internal/component/external/model/IvyModuleResolveMetaData done
Event: 23.348 loading class org/gradle/internal/component/external/model/BuildableIvyModuleResolveMetaData
Event: 23.348 loading class org/gradle/internal/component/external/model/BuildableIvyModuleResolveMetaData done
Event: 23.351 loading class org/gradle/api/internal/artifacts/ivyservice/ivyresolve/parser/IvyXmlModuleDescriptorParser$Parser$State
Event: 23.351 loading class org/gradle/api/internal/artifacts/ivyservice/ivyresolve/parser/IvyXmlModuleDescriptorParser$Parser$State done
Event: 23.353 loading class org/gradle/api/internal/artifacts/ivyservice/ivyresolve/parser/IvyXmlModuleDescriptorParser$Parser$1
Event: 23.353 loading class org/gradle/api/internal/artifacts/ivyservice/ivyresolve/parser/IvyXmlModuleDescriptorParser$Parser$1 done
Event: 23.370 loading class org/gradle/api/internal/artifacts/ivyservice/ivyresolve/parser/IvyXmlModuleDescriptorParser$ParserHelper
Event: 23.370 loading class org/gradle/api/internal/artifacts/ivyservice/ivyresolve/parser/IvyXmlModuleDescriptorParser$ParserHelper done


Dynamic libraries:
0x00007ff602400000 - 0x00007ff602437000 	C:\Program Files\Java\jdk1.8.0_101\bin\java.exe
0x00007ffefe4e0000 - 0x00007ffefe68d000 	C:\Windows\SYSTEM32\ntdll.dll
0x00007ffefdd90000 - 0x00007ffefdece000 	C:\Windows\system32\KERNEL32.DLL
0x00007ffefb730000 - 0x00007ffefb845000 	C:\Windows\system32\KERNELBASE.dll
0x00007ffefa0b0000 - 0x00007ffefa13e000 	C:\Windows\system32\apphelp.dll
0x00007ffee1810000 - 0x00007ffee1863000 	C:\Windows\AppPatch\AppPatch64\AcGenral.DLL
0x00007ffefd870000 - 0x00007ffefd91a000 	C:\Windows\system32\msvcrt.dll
0x00007ffefba30000 - 0x00007ffefba5e000 	C:\Windows\system32\SspiCli.dll
0x00007ffefded0000 - 0x00007ffefdf24000 	C:\Windows\system32\SHLWAPI.dll
0x00007ffefe1f0000 - 0x00007ffefe367000 	C:\Windows\system32\USER32.dll
0x00007ffefbbd0000 - 0x00007ffefbd64000 	C:\Windows\system32\ole32.dll
0x00007ffefc340000 - 0x00007ffefd869000 	C:\Windows\system32\SHELL32.dll
0x00007ffefabe0000 - 0x00007ffefac01000 	C:\Windows\SYSTEM32\USERENV.dll
0x00007ffefd920000 - 0x00007ffefd9ca000 	C:\Windows\system32\ADVAPI32.dll
0x00007ffef0530000 - 0x00007ffef054e000 	C:\Windows\SYSTEM32\MPR.dll
0x00007ffefc030000 - 0x00007ffefc170000 	C:\Windows\system32\RPCRT4.dll
0x00007ffefdcd0000 - 0x00007ffefdd29000 	C:\Windows\SYSTEM32\sechost.dll
0x00007ffefd9e0000 - 0x00007ffefdbf1000 	C:\Windows\SYSTEM32\combase.dll
0x00007ffefc180000 - 0x00007ffefc2cf000 	C:\Windows\system32\GDI32.dll
0x00007ffefb610000 - 0x00007ffefb625000 	C:\Windows\SYSTEM32\profapi.dll
0x00007ffefa140000 - 0x00007ffefa1f2000 	C:\Windows\SYSTEM32\SHCORE.dll
0x00007ffefbd70000 - 0x00007ffefbda6000 	C:\Windows\system32\IMM32.DLL
0x00007ffefe370000 - 0x00007ffefe4c2000 	C:\Windows\system32\MSCTF.dll
0x00007ffef9480000 - 0x00007ffef96fb000 	C:\Windows\WinSxS\amd64_microsoft.windows.common-controls_6595b64144ccf1df_6.0.9600.18006_none_623f33d3ecbe86e8\COMCTL32.dll
0x000000006d880000 - 0x000000006d952000 	C:\Program Files\Java\jdk1.8.0_101\jre\bin\msvcr100.dll
0x000000006dd10000 - 0x000000006e5aa000 	C:\Program Files\Java\jdk1.8.0_101\jre\bin\server\jvm.dll
0x00007ffef0b70000 - 0x00007ffef0b79000 	C:\Windows\SYSTEM32\WSOCK32.dll
0x00007ffef9700000 - 0x00007ffef9722000 	C:\Windows\SYSTEM32\WINMM.dll
0x00007ffefa680000 - 0x00007ffefa68a000 	C:\Windows\SYSTEM32\VERSION.dll
0x00007ffefe4d0000 - 0x00007ffefe4d7000 	C:\Windows\system32\PSAPI.DLL
0x00007ffefdd30000 - 0x00007ffefdd8a000 	C:\Windows\system32\WS2_32.dll
0x00007ffef9240000 - 0x00007ffef926a000 	C:\Windows\SYSTEM32\WINMMBASE.dll
0x00007ffefd9d0000 - 0x00007ffefd9d9000 	C:\Windows\system32\NSI.dll
0x00007ffefb6e0000 - 0x00007ffefb72f000 	C:\Windows\SYSTEM32\cfgmgr32.dll
0x00007ffefa3f0000 - 0x00007ffefa418000 	C:\Windows\SYSTEM32\DEVOBJ.dll
0x000000006dd00000 - 0x000000006dd0f000 	C:\Program Files\Java\jdk1.8.0_101\jre\bin\verify.dll
0x000000006dcd0000 - 0x000000006dcf9000 	C:\Program Files\Java\jdk1.8.0_101\jre\bin\java.dll
0x000000006dcb0000 - 0x000000006dcc6000 	C:\Program Files\Java\jdk1.8.0_101\jre\bin\zip.dll
0x000000006dc90000 - 0x000000006dcaa000 	C:\Program Files\Java\jdk1.8.0_101\jre\bin\net.dll
0x0000000180000000 - 0x000000018006d000 	C:\Windows\system32\LavasoftTcpService64.dll
0x00007ffefae50000 - 0x00007ffefaea9000 	C:\Windows\SYSTEM32\MSWSOCK.dll
0x00007ffefa690000 - 0x00007ffefa6ba000 	C:\Windows\SYSTEM32\IPHLPAPI.DLL
0x00007ffefbf60000 - 0x00007ffefc021000 	C:\Windows\system32\OLEAUT32.dll
0x00007ffefa670000 - 0x00007ffefa67a000 	C:\Windows\SYSTEM32\WINNSI.DLL
0x00007ffefa220000 - 0x00007ffefa22b000 	C:\Windows\SYSTEM32\kernel.appcore.dll
0x00007ffefb550000 - 0x00007ffefb55b000 	C:\Windows\SYSTEM32\CRYPTBASE.dll
0x00007ffefb4e0000 - 0x00007ffefb543000 	C:\Windows\SYSTEM32\bcryptPrimitives.dll
0x000000006dc70000 - 0x000000006dc81000 	C:\Program Files\Java\jdk1.8.0_101\jre\bin\nio.dll
0x00007ffefa270000 - 0x00007ffefa399000 	C:\Windows\system32\uxtheme.dll
0x00007ffef0570000 - 0x00007ffef0582000 	C:\Users\Smktelkom\.gradle\native\19\windows-amd64\native-platform.dll
0x00007ffefdf30000 - 0x00007ffefdfe6000 	C:\Windows\SYSTEM32\clbcatq.dll
0x00007ffefaeb0000 - 0x00007ffefaed0000 	C:\Windows\SYSTEM32\CRYPTSP.dll
0x00007ffefaaa0000 - 0x00007ffefaad6000 	C:\Windows\system32\rsaenh.dll
0x00007ffefb1d0000 - 0x00007ffefb1f6000 	C:\Windows\SYSTEM32\bcrypt.dll
0x00007ffef4340000 - 0x00007ffef434a000 	C:\Windows\SYSTEM32\msiltcfg.dll
0x00007ffef19c0000 - 0x00007ffef1cf1000 	C:\Windows\SYSTEM32\msi.dll
0x00007ffefb560000 - 0x00007ffefb5f9000 	C:\Windows\SYSTEM32\sxs.dll
0x00007ffef52c0000 - 0x00007ffef52d6000 	C:\Windows\SYSTEM32\dhcpcsvc6.DLL
0x00007ffef54d0000 - 0x00007ffef54ea000 	C:\Windows\SYSTEM32\dhcpcsvc.DLL
0x000000006da70000 - 0x000000006da7d000 	C:\Program Files\Java\jdk1.8.0_101\jre\bin\management.dll

VM Arguments:
jvm_args: -XX:MaxPermSize=256m -XX:+HeapDumpOnOutOfMemoryError -Xmx1024m -Dfile.encoding=windows-1252 -Duser.country=US -Duser.language=en -Duser.variant 
java_command: org.gradle.launcher.daemon.bootstrap.GradleDaemon 2.10
java_class_path (initial): D:\android\android studio\gradle\gradle-2.10\lib\gradle-launcher-2.10.jar
Launcher Type: SUN_STANDARD

Environment Variables:
PATH=C:\ProgramData\Oracle\Java\javapath;C:\Program Files\Java\jre1.8.0_102;C:\Program Files (x86)\Skype\Phone\;C:\Program Files\Java\jdk1.8.0_101\bin
USERNAME=Smktelkom
OS=Windows_NT
PROCESSOR_IDENTIFIER=Intel64 Family 6 Model 69 Stepping 1, GenuineIntel



---------------  S Y S T E M  ---------------

OS: Windows 8.1 , 64 bit Build 9600 (6.3.9600.17415)

CPU:total 4 (2 cores per cpu, 2 threads per core) family 6 model 69 stepping 1, cmov, cx8, fxsr, mmx, sse, sse2, sse3, ssse3, sse4.1, sse4.2, popcnt, avx, avx2, aes, clmul, erms, lzcnt, ht, tsc, tscinvbit, bmi1, bmi2

Memory: 4k page, physical 4074560k(618212k free), swap 4074560k(5708k free)

vm_info: Java HotSpot(TM) 64-Bit Server VM (25.101-b13) for windows-amd64 JRE (1.8.0_101-b13), built on Jun 22 2016 01:21:29 by "java_re" with MS VC++ 10.0 (VS2010)

time: Tue Sep 13 07:51:12 2016
elapsed time: 23 seconds (0d 0h 0m 23s)

