#
# There is insufficient memory for the Java Runtime Environment to continue.
# Native memory allocation (malloc) failed to allocate 32744 bytes for ChunkPool::allocate
# Possible reasons:
#   The system is out of physical RAM or swap space
#   In 32 bit mode, the process size limit was hit
# Possible solutions:
#   Reduce memory load on the system
#   Increase physical memory or swap space
#   Check if swap backing store is full
#   Use 64 bit Java on a 64 bit OS
#   Decrease Java heap size (-Xmx/-Xms)
#   Decrease number of Java threads
#   Decrease Java thread stack sizes (-Xss)
#   Set larger code cache with -XX:ReservedCodeCacheSize=
# This output file may be truncated or incomplete.
#
#  Out of Memory Error (allocation.cpp:273), pid=6404, tid=0x000000000000163c
#
# JRE version: Java(TM) SE Runtime Environment (8.0_101-b13) (build 1.8.0_101-b13)
# Java VM: Java HotSpot(TM) 64-Bit Server VM (25.101-b13 mixed mode windows-amd64 compressed oops)
# Failed to write core dump. Minidumps are not enabled by default on client versions of Windows
#

---------------  T H R E A D  ---------------

Current thread (0x000000001514b000):  JavaThread "C1 CompilerThread2" daemon [_thread_in_native, id=5692, stack(0x0000000016930000,0x0000000016a30000)]

Stack: [0x0000000016930000,0x0000000016a30000]
[error occurred during error reporting (printing stack bounds), id 0xc0000005]

Native frames: (J=compiled Java code, j=interpreted, Vv=VM code, C=native code)


Current CompileTask:
C1:  11975 1383       3       com.android.dx.ssa.back.FirstFitLocalCombiningAllocator::handleCheckCastResults (413 bytes)


---------------  P R O C E S S  ---------------

Java Threads: ( => current thread )
  0x0000000016d25000 JavaThread "pool-2-thread-4" [_thread_in_Java, id=5760, stack(0x0000000017430000,0x0000000017530000)]
  0x0000000016d24000 JavaThread "pool-2-thread-3" [_thread_in_vm, id=9060, stack(0x0000000017330000,0x0000000017430000)]
  0x0000000016d22800 JavaThread "pool-2-thread-2" [_thread_blocked, id=832, stack(0x0000000017230000,0x0000000017330000)]
  0x0000000016d91000 JavaThread "pool-3-thread-1" [_thread_blocked, id=6344, stack(0x0000000017130000,0x0000000017230000)]
  0x0000000016da8000 JavaThread "pool-2-thread-1" [_thread_in_Java, id=8120, stack(0x0000000017030000,0x0000000017130000)]
  0x0000000016a35800 JavaThread "Service Thread" daemon [_thread_blocked, id=4956, stack(0x0000000016e30000,0x0000000016f30000)]
=>0x000000001514b000 JavaThread "C1 CompilerThread2" daemon [_thread_in_native, id=5692, stack(0x0000000016930000,0x0000000016a30000)]
  0x0000000015148000 JavaThread "C2 CompilerThread1" daemon [_thread_in_native, id=8996, stack(0x0000000016830000,0x0000000016930000)]
  0x00000000150ee800 JavaThread "C2 CompilerThread0" daemon [_thread_in_native, id=7428, stack(0x0000000016730000,0x0000000016830000)]
  0x00000000150ed000 JavaThread "Attach Listener" daemon [_thread_blocked, id=1348, stack(0x0000000016630000,0x0000000016730000)]
  0x00000000150e9800 JavaThread "Signal Dispatcher" daemon [_thread_blocked, id=7776, stack(0x0000000016530000,0x0000000016630000)]
  0x00000000150da000 JavaThread "Finalizer" daemon [_thread_blocked, id=5408, stack(0x0000000016350000,0x0000000016450000)]
  0x00000000029ef000 JavaThread "Reference Handler" daemon [_thread_blocked, id=4592, stack(0x0000000016250000,0x0000000016350000)]
  0x0000000002900800 JavaThread "main" [_thread_in_vm, id=8608, stack(0x0000000002800000,0x0000000002900000)]

Other Threads:
  0x00000000150b7800 VMThread [stack: 0x0000000016150000,0x0000000016250000] [id=7020]
  0x0000000016a4a800 WatcherThread [stack: 0x0000000016f30000,0x0000000017030000] [id=5576]

VM state:not at safepoint (normal execution)

VM Mutex/Monitor currently owned by a thread: None

Heap:
 PSYoungGen      total 18944K, used 14083K [0x00000000eab00000, 0x00000000ed000000, 0x0000000100000000)
  eden space 16384K, 70% used [0x00000000eab00000,0x00000000eb641a18,0x00000000ebb00000)
  from space 2560K, 99% used [0x00000000ebb00000,0x00000000ebd7f470,0x00000000ebd80000)
  to   space 2560K, 0% used [0x00000000ecd80000,0x00000000ecd80000,0x00000000ed000000)
 ParOldGen       total 44032K, used 5641K [0x00000000c0000000, 0x00000000c2b00000, 0x00000000eab00000)
  object space 44032K, 12% used [0x00000000c0000000,0x00000000c0582578,0x00000000c2b00000)
 Metaspace       used 6129K, capacity 7026K, committed 7296K, reserved 1056768K
  class space    used 603K, capacity 618K, committed 640K, reserved 1048576K

Card table byte_map: [0x0000000011dc0000,0x0000000011fd0000] byte_map_base: 0x00000000117c0000

Marking Bits: (ParMarkBitMap*) 0x0000000073d4a6d0
 Begin Bits: [0x0000000012530000, 0x0000000013530000)
 End Bits:   [0x0000000013530000, 0x0000000014530000)

Polling page: 0x0000000000f60000

CodeCache: size=245760Kb used=5444Kb max_used=5444Kb free=240315Kb
 bounds [0x0000000002a00000, 0x0000000002f60000, 0x0000000011a00000]
 total_blobs=1635 nmethods=1366 adapters=182
 compilation: enabled

Compilation events (10 events):
Event: 11.940 Thread 0x000000001514b000 nmethod 1377 0x0000000002f52190 code [0x0000000002f52420, 0x0000000002f53598]
Event: 11.941 Thread 0x000000001514b000 1378       3       com.android.dx.rop.code.RegisterSpec::equals (51 bytes)
Event: 11.941 Thread 0x000000001514b000 nmethod 1378 0x0000000002f53d90 code [0x0000000002f53f20, 0x0000000002f544b8]
Event: 11.943 Thread 0x000000001514b000 1379       3       java.util.HashMap$EntryIterator::next (5 bytes)
Event: 11.943 Thread 0x000000001514b000 nmethod 1379 0x0000000002f54610 code [0x0000000002f54780, 0x0000000002f54a68]
Event: 11.943 Thread 0x000000001514b000 1380       3       java.util.HashMap$EntryIterator::next (5 bytes)
Event: 11.943 Thread 0x000000001514b000 nmethod 1380 0x0000000002f54b10 code [0x0000000002f54c80, 0x0000000002f54e88]
Event: 11.944 Thread 0x000000001514b000 1381       3       com.android.dx.rop.cst.Constant::compareTo (33 bytes)
Event: 11.945 Thread 0x000000001514b000 nmethod 1381 0x0000000002f54f10 code [0x0000000002f550c0, 0x0000000002f557f8]
Event: 11.945 Thread 0x000000001514b000 1383       3       com.android.dx.ssa.back.FirstFitLocalCombiningAllocator::handleCheckCastResults (413 bytes)

GC Heap History (6 events):
Event: 6.002 GC heap before
{Heap before GC invocations=1 (full 0):
 PSYoungGen      total 18944K, used 16384K [0x00000000eab00000, 0x00000000ec000000, 0x0000000100000000)
  eden space 16384K, 100% used [0x00000000eab00000,0x00000000ebb00000,0x00000000ebb00000)
  from space 2560K, 0% used [0x00000000ebd80000,0x00000000ebd80000,0x00000000ec000000)
  to   space 2560K, 0% used [0x00000000ebb00000,0x00000000ebb00000,0x00000000ebd80000)
 ParOldGen       total 44032K, used 0K [0x00000000c0000000, 0x00000000c2b00000, 0x00000000eab00000)
  object space 44032K, 0% used [0x00000000c0000000,0x00000000c0000000,0x00000000c2b00000)
 Metaspace       used 3988K, capacity 5104K, committed 5376K, reserved 1056768K
  class space    used 447K, capacity 488K, committed 512K, reserved 1048576K
Event: 6.006 GC heap after
Heap after GC invocations=1 (full 0):
 PSYoungGen      total 18944K, used 1604K [0x00000000eab00000, 0x00000000ec000000, 0x0000000100000000)
  eden space 16384K, 0% used [0x00000000eab00000,0x00000000eab00000,0x00000000ebb00000)
  from space 2560K, 62% used [0x00000000ebb00000,0x00000000ebc91270,0x00000000ebd80000)
  to   space 2560K, 0% used [0x00000000ebd80000,0x00000000ebd80000,0x00000000ec000000)
 ParOldGen       total 44032K, used 8K [0x00000000c0000000, 0x00000000c2b00000, 0x00000000eab00000)
  object space 44032K, 0% used [0x00000000c0000000,0x00000000c0002000,0x00000000c2b00000)
 Metaspace       used 3988K, capacity 5104K, committed 5376K, reserved 1056768K
  class space    used 447K, capacity 488K, committed 512K, reserved 1048576K
}
Event: 10.230 GC heap before
{Heap before GC invocations=2 (full 0):
 PSYoungGen      total 18944K, used 17988K [0x00000000eab00000, 0x00000000ec000000, 0x0000000100000000)
  eden space 16384K, 100% used [0x00000000eab00000,0x00000000ebb00000,0x00000000ebb00000)
  from space 2560K, 62% used [0x00000000ebb00000,0x00000000ebc91270,0x00000000ebd80000)
  to   space 2560K, 0% used [0x00000000ebd80000,0x00000000ebd80000,0x00000000ec000000)
 ParOldGen       total 44032K, used 8K [0x00000000c0000000, 0x00000000c2b00000, 0x00000000eab00000)
  object space 44032K, 0% used [0x00000000c0000000,0x00000000c0002000,0x00000000c2b00000)
 Metaspace       used 5932K, capacity 6832K, committed 7040K, reserved 1056768K
  class space    used 601K, capacity 616K, committed 640K, reserved 1048576K
Event: 10.328 GC heap after
Heap after GC invocations=2 (full 0):
 PSYoungGen      total 18944K, used 2541K [0x00000000eab00000, 0x00000000ed000000, 0x0000000100000000)
  eden space 16384K, 0% used [0x00000000eab00000,0x00000000eab00000,0x00000000ebb00000)
  from space 2560K, 99% used [0x00000000ebd80000,0x00000000ebffb720,0x00000000ec000000)
  to   space 2560K, 0% used [0x00000000ebb00000,0x00000000ebb00000,0x00000000ebd80000)
 ParOldGen       total 44032K, used 2288K [0x00000000c0000000, 0x00000000c2b00000, 0x00000000eab00000)
  object space 44032K, 5% used [0x00000000c0000000,0x00000000c023c028,0x00000000c2b00000)
 Metaspace       used 5932K, capacity 6832K, committed 7040K, reserved 1056768K
  class space    used 601K, capacity 616K, committed 640K, reserved 1048576K
}
Event: 10.920 GC heap before
{Heap before GC invocations=3 (full 0):
 PSYoungGen      total 18944K, used 18925K [0x00000000eab00000, 0x00000000ed000000, 0x0000000100000000)
  eden space 16384K, 100% used [0x00000000eab00000,0x00000000ebb00000,0x00000000ebb00000)
  from space 2560K, 99% used [0x00000000ebd80000,0x00000000ebffb720,0x00000000ec000000)
  to   space 2560K, 0% used [0x00000000ebb00000,0x00000000ebb00000,0x00000000ebd80000)
 ParOldGen       total 44032K, used 2288K [0x00000000c0000000, 0x00000000c2b00000, 0x00000000eab00000)
  object space 44032K, 5% used [0x00000000c0000000,0x00000000c023c028,0x00000000c2b00000)
 Metaspace       used 6111K, capacity 7026K, committed 7296K, reserved 1056768K
  class space    used 603K, capacity 618K, committed 640K, reserved 1048576K
Event: 11.767 GC heap after
Heap after GC invocations=3 (full 0):
 PSYoungGen      total 18944K, used 2557K [0x00000000eab00000, 0x00000000ed000000, 0x0000000100000000)
  eden space 16384K, 0% used [0x00000000eab00000,0x00000000eab00000,0x00000000ebb00000)
  from space 2560K, 99% used [0x00000000ebb00000,0x00000000ebd7f470,0x00000000ebd80000)
  to   space 2560K, 0% used [0x00000000ecd80000,0x00000000ecd80000,0x00000000ed000000)
 ParOldGen       total 44032K, used 5641K [0x00000000c0000000, 0x00000000c2b00000, 0x00000000eab00000)
  object space 44032K, 12% used [0x00000000c0000000,0x00000000c0582578,0x00000000c2b00000)
 Metaspace       used 6111K, capacity 7026K, committed 7296K, reserved 1056768K
  class space    used 603K, capacity 618K, committed 640K, reserved 1048576K
}

Deoptimization events (10 events):
Event: 8.354 Thread 0x0000000016da8000 Uncommon trap: reason=class_check action=maybe_recompile pc=0x0000000002c5e230 method=com.android.dx.ssa.NormalSsaInsn.accept(Lcom/android/dx/ssa/SsaInsn$Visitor;)V @ 9
Event: 8.646 Thread 0x0000000016da8000 Uncommon trap: reason=class_check action=maybe_recompile pc=0x0000000002c89e14 method=com.android.dx.ssa.NormalSsaInsn.accept(Lcom/android/dx/ssa/SsaInsn$Visitor;)V @ 9
Event: 10.078 Thread 0x0000000002900800 Uncommon trap: reason=class_check action=maybe_recompile pc=0x0000000002d81228 method=com.android.dx.rop.type.Type.equals(Ljava/lang/Object;)Z @ 8
Event: 10.095 Thread 0x0000000002900800 Uncommon trap: reason=null_check action=make_not_entrant pc=0x0000000002d81238 method=com.android.dx.rop.type.Type.equals(Ljava/lang/Object;)Z @ 8
Event: 10.097 Thread 0x0000000002900800 Uncommon trap: reason=unstable_if action=reinterpret pc=0x0000000002c52ef0 method=java.util.BitSet.nextSetBit(I)I @ 87
Event: 10.598 Thread 0x0000000016da8000 Uncommon trap: reason=unstable_if action=reinterpret pc=0x0000000002e429f8 method=com.android.dx.cf.code.Ropper.labelToResultIndex(I)I @ 34
Event: 10.598 Thread 0x0000000016da8000 Uncommon trap: reason=class_check action=maybe_recompile pc=0x0000000002d84728 method=com.android.dx.rop.type.Type.equals(Ljava/lang/Object;)Z @ 8
Event: 10.598 Thread 0x0000000016da8000 Uncommon trap: reason=class_check action=maybe_recompile pc=0x0000000002d84728 method=com.android.dx.rop.type.Type.equals(Ljava/lang/Object;)Z @ 8
Event: 10.599 Thread 0x0000000016da8000 Uncommon trap: reason=class_check action=maybe_recompile pc=0x0000000002d84728 method=com.android.dx.rop.type.Type.equals(Ljava/lang/Object;)Z @ 8
Event: 11.943 Thread 0x0000000016d24000 Uncommon trap: reason=unstable_if action=reinterpret pc=0x0000000002d1a4dc method=com.android.dx.rop.cst.Constant.compareTo(Lcom/android/dx/rop/cst/Constant;)I @ 12

Internal exceptions (3 events):
Event: 0.554 Thread 0x0000000002900800 Exception <a 'java/lang/NoSuchMethodError': Method sun.misc.Unsafe.defineClass(Ljava/lang/String;[BII)Ljava/lang/Class; name or signature does not match> (0x00000000eab07cc0) thrown at [C:\re\workspace\8-2-build-windows-amd64-cygwin\jdk8u101\7261\hotspot\sVD-¾á?
Event: 0.554 Thread 0x0000000002900800 Exception <a 'java/lang/NoSuchMethodError': Method sun.misc.Unsafe.prefetchRead(Ljava/lang/Object;J)V name or signature does not match> (0x00000000eab07fa8) thrown at [C:\re\workspace\8-2-build-windows-amd64-cygwin\jdk8u101\7261\hotspot\src\share\vm\prims\oî} 0$@
Event: 10.095 Thread 0x0000000002900800 Implicit null exception at 0x0000000002d81122 to 0x0000000002d81229

Events (10 events):
Event: 10.598 Thread 0x0000000016da8000 DEOPT PACKING pc=0x0000000002d84728 sp=0x000000001712e7b0
Event: 10.598 Thread 0x0000000016da8000 DEOPT UNPACKING pc=0x0000000002a4582a sp=0x000000001712e6e8 mode 2
Event: 10.599 Thread 0x0000000016da8000 Uncommon trap: trap_request=0xffffffde fr.pc=0x0000000002d84728
Event: 10.599 Thread 0x0000000016da8000 DEOPT PACKING pc=0x0000000002d84728 sp=0x000000001712e7b0
Event: 10.599 Thread 0x0000000016da8000 DEOPT UNPACKING pc=0x0000000002a4582a sp=0x000000001712e6e8 mode 2
Event: 10.919 Executing VM operation: ParallelGCFailedAllocation
Event: 11.767 Executing VM operation: ParallelGCFailedAllocation done
Event: 11.943 Thread 0x0000000016d24000 Uncommon trap: trap_request=0xffffff65 fr.pc=0x0000000002d1a4dc
Event: 11.943 Thread 0x0000000016d24000 DEOPT PACKING pc=0x0000000002d1a4dc sp=0x000000001742e6f0
Event: 11.943 Thread 0x0000000016d24000 DEOPT UNPACKING pc=0x0000000002a4582a sp=0x000000001742e690 mode 2


Dynamic libraries:
0x00007ff7338b0000 - 0x00007ff7338e7000 	C:\Program Files\Java\jdk1.8.0_101\bin\java.exe
0x00007ffb5d610000 - 0x00007ffb5d7bd000 	C:\Windows\SYSTEM32\ntdll.dll
0x00007ffb5cfb0000 - 0x00007ffb5d0ee000 	C:\Windows\system32\KERNEL32.DLL
0x00007ffb5ab80000 - 0x00007ffb5ac95000 	C:\Windows\system32\KERNELBASE.dll
0x00007ffb592a0000 - 0x00007ffb5932e000 	C:\Windows\system32\apphelp.dll
0x00007ffb4e700000 - 0x00007ffb4e753000 	C:\Windows\AppPatch\AppPatch64\AcGenral.DLL
0x00007ffb5aec0000 - 0x00007ffb5af6a000 	C:\Windows\system32\msvcrt.dll
0x00007ffb5aaa0000 - 0x00007ffb5aace000 	C:\Windows\system32\SspiCli.dll
0x00007ffb5b040000 - 0x00007ffb5b094000 	C:\Windows\system32\SHLWAPI.dll
0x00007ffb5ce30000 - 0x00007ffb5cfa7000 	C:\Windows\system32\USER32.dll
0x00007ffb5b340000 - 0x00007ffb5b4d4000 	C:\Windows\system32\ole32.dll
0x00007ffb5b540000 - 0x00007ffb5ca69000 	C:\Windows\system32\SHELL32.dll
0x00007ffb59d70000 - 0x00007ffb59d91000 	C:\Windows\SYSTEM32\USERENV.dll
0x00007ffb5cc30000 - 0x00007ffb5ccda000 	C:\Windows\system32\ADVAPI32.dll
0x00007ffb4b0d0000 - 0x00007ffb4b0ee000 	C:\Windows\SYSTEM32\MPR.dll
0x00007ffb5d250000 - 0x00007ffb5d390000 	C:\Windows\system32\RPCRT4.dll
0x00007ffb5d3d0000 - 0x00007ffb5d429000 	C:\Windows\SYSTEM32\sechost.dll
0x00007ffb5aca0000 - 0x00007ffb5aeb1000 	C:\Windows\SYSTEM32\combase.dll
0x00007ffb5b0c0000 - 0x00007ffb5b20f000 	C:\Windows\system32\GDI32.dll
0x00007ffb5a740000 - 0x00007ffb5a755000 	C:\Windows\SYSTEM32\profapi.dll
0x00007ffb58f00000 - 0x00007ffb58fb2000 	C:\Windows\SYSTEM32\SHCORE.dll
0x00007ffb5d390000 - 0x00007ffb5d3c6000 	C:\Windows\system32\IMM32.DLL
0x00007ffb5d0f0000 - 0x00007ffb5d242000 	C:\Windows\system32\MSCTF.dll
0x00007ffb581f0000 - 0x00007ffb5846b000 	C:\Windows\WinSxS\amd64_microsoft.windows.common-controls_6595b64144ccf1df_6.0.9600.18006_none_623f33d3ecbe86e8\COMCTL32.dll
0x00000000731c0000 - 0x0000000073292000 	C:\Program Files\Java\jdk1.8.0_101\jre\bin\msvcr100.dll
0x0000000073530000 - 0x0000000073dca000 	C:\Program Files\Java\jdk1.8.0_101\jre\bin\server\jvm.dll
0x00007ffb3a160000 - 0x00007ffb3a169000 	C:\Windows\SYSTEM32\WSOCK32.dll
0x00007ffb58650000 - 0x00007ffb58672000 	C:\Windows\SYSTEM32\WINMM.dll
0x00007ffb597b0000 - 0x00007ffb597ba000 	C:\Windows\SYSTEM32\VERSION.dll
0x00007ffb5ca70000 - 0x00007ffb5ca77000 	C:\Windows\system32\PSAPI.DLL
0x00007ffb5b4e0000 - 0x00007ffb5b53a000 	C:\Windows\system32\WS2_32.dll
0x00007ffb581c0000 - 0x00007ffb581ea000 	C:\Windows\SYSTEM32\WINMMBASE.dll
0x00007ffb5cd00000 - 0x00007ffb5cd09000 	C:\Windows\system32\NSI.dll
0x00007ffb5aa50000 - 0x00007ffb5aa9f000 	C:\Windows\SYSTEM32\cfgmgr32.dll
0x00007ffb59510000 - 0x00007ffb59538000 	C:\Windows\SYSTEM32\DEVOBJ.dll
0x0000000074010000 - 0x000000007401f000 	C:\Program Files\Java\jdk1.8.0_101\jre\bin\verify.dll
0x0000000073fe0000 - 0x0000000074009000 	C:\Program Files\Java\jdk1.8.0_101\jre\bin\java.dll
0x0000000073fc0000 - 0x0000000073fd6000 	C:\Program Files\Java\jdk1.8.0_101\jre\bin\zip.dll

VM Arguments:
jvm_args: -Djava.awt.headless=true -Xmx1024M -Dfile.encoding=windows-1252 -Duser.country=US -Duser.language=en -Duser.variant 
java_command: com.android.dx.command.Main --dex --force-jumbo --num-threads=4 --multi-dex --output D:\mahatrain\app\build\intermediates\transforms\dex\debug\folders\1000\10\com.android.support-support-v4-23.3.0_3f6d49ad1059592ab4845e779068a10455cf7c81 D:\mahatrain\app\build\intermediates\exploded-aar\com.android.support\support-v4\23.3.0\jars\classes.jar
java_class_path (initial): D:\android\sdk\build-tools\23.0.3\lib\dx.jar
Launcher Type: SUN_STANDARD

Environment Variables:
PATH=C:\Program Files\Java\jre1.8.0_102;C:\Program Files (x86)\Skype\Phone\;C:\Program Files\Java\jdk1.8.0_101\bin
USERNAME=Smktelkom
OS=Windows_NT
PROCESSOR_IDENTIFIER=Intel64 Family 6 Model 69 Stepping 1, GenuineIntel



---------------  S Y S T E M  ---------------

OS: Windows 8.1 , 64 bit Build 9600 (6.3.9600.17415)

CPU:total 4 (2 cores per cpu, 2 threads per core) family 6 model 69 stepping 1, cmov, cx8, fxsr, mmx, sse, sse2, sse3, ssse3, sse4.1, sse4.2, popcnt, avx, avx2, aes, clmul, erms, lzcnt, ht, tsc, tscinvbit, bmi1, bmi2

Memory: 4k page, physical 4074560k(849428k free), swap 4074560k(4788k free)

vm_info: Java HotSpot(TM) 64-Bit Server VM (25.101-b13) for windows-amd64 JRE (1.8.0_101-b13), built on Jun 22 2016 01:21:29 by "java_re" with MS VC++ 10.0 (VS2010)

time: Sun Sep 11 22:35:10 2016
elapsed time: 11 seconds (0d 0h 0m 11s)

