#
# There is insufficient memory for the Java Runtime Environment to continue.
# Native memory allocation (malloc) failed to allocate 82416 bytes for Chunk::new
# Possible reasons:
#   The system is out of physical RAM or swap space
#   In 32 bit mode, the process size limit was hit
# Possible solutions:
#   Reduce memory load on the system
#   Increase physical memory or swap space
#   Check if swap backing store is full
#   Use 64 bit Java on a 64 bit OS
#   Decrease Java heap size (-Xmx/-Xms)
#   Decrease number of Java threads
#   Decrease Java thread stack sizes (-Xss)
#   Set larger code cache with -XX:ReservedCodeCacheSize=
# This output file may be truncated or incomplete.
#
#  Out of Memory Error (allocation.cpp:390), pid=8760, tid=0x0000000000002320
#
# JRE version: Java(TM) SE Runtime Environment (8.0_101-b13) (build 1.8.0_101-b13)
# Java VM: Java HotSpot(TM) 64-Bit Server VM (25.101-b13 mixed mode windows-amd64 compressed oops)
# Failed to write core dump. Minidumps are not enabled by default on client versions of Windows
#

---------------  T H R E A D  ---------------

Current thread (0x0000000014ed7000):  JavaThread "C2 CompilerThread1" daemon [_thread_in_native, id=8992, stack(0x00000000165b0000,0x00000000166b0000)]

Stack: [0x00000000165b0000,0x00000000166b0000]
[error occurred during error reporting (printing stack bounds), id 0xc0000005]

Native frames: (J=compiled Java code, j=interpreted, Vv=VM code, C=native code)


Current CompileTask:
C2:   4489  871       4       com.android.dx.rop.code.RegisterSpecSet::mutableCopy (57 bytes)


---------------  P R O C E S S  ---------------

Java Threads: ( => current thread )
  0x0000000016a0f800 JavaThread "pool-2-thread-4" [_thread_in_Java, id=8564, stack(0x00000000171b0000,0x00000000172b0000)]
  0x0000000016a0f000 JavaThread "pool-2-thread-3" [_thread_blocked, id=8852, stack(0x00000000170b0000,0x00000000171b0000)]
  0x0000000016a2c000 JavaThread "pool-2-thread-2" [_thread_blocked, id=8848, stack(0x0000000016fb0000,0x00000000170b0000)]
  0x0000000016a2b000 JavaThread "pool-3-thread-1" [_thread_blocked, id=1404, stack(0x0000000016eb0000,0x0000000016fb0000)]
  0x0000000016a26000 JavaThread "pool-2-thread-1" [_thread_in_Java, id=1128, stack(0x0000000016db0000,0x0000000016eb0000)]
  0x00000000167b4800 JavaThread "Service Thread" daemon [_thread_blocked, id=9088, stack(0x0000000016bb0000,0x0000000016cb0000)]
  0x0000000014edd800 JavaThread "C1 CompilerThread2" daemon [_thread_in_native, id=7248, stack(0x00000000166b0000,0x00000000167b0000)]
=>0x0000000014ed7000 JavaThread "C2 CompilerThread1" daemon [_thread_in_native, id=8992, stack(0x00000000165b0000,0x00000000166b0000)]
  0x0000000014e7d800 JavaThread "C2 CompilerThread0" daemon [_thread_blocked, id=9072, stack(0x00000000164b0000,0x00000000165b0000)]
  0x0000000014e7c000 JavaThread "Attach Listener" daemon [_thread_blocked, id=776, stack(0x00000000163b0000,0x00000000164b0000)]
  0x0000000014e79000 JavaThread "Signal Dispatcher" daemon [_thread_blocked, id=404, stack(0x00000000162b0000,0x00000000163b0000)]
  0x0000000014e6a000 JavaThread "Finalizer" daemon [_thread_blocked, id=4492, stack(0x00000000160d0000,0x00000000161d0000)]
  0x000000000279f000 JavaThread "Reference Handler" daemon [_thread_blocked, id=8696, stack(0x0000000015fd0000,0x00000000160d0000)]
  0x00000000026b0800 JavaThread "main" [_thread_in_Java, id=8048, stack(0x00000000025b0000,0x00000000026b0000)]

Other Threads:
  0x0000000014e47800 VMThread [stack: 0x0000000015ed0000,0x0000000015fd0000] [id=8916]
  0x00000000167c8800 WatcherThread [stack: 0x0000000016cb0000,0x0000000016db0000] [id=8704]

VM state:not at safepoint (normal execution)

VM Mutex/Monitor currently owned by a thread: None

Heap:
 PSYoungGen      total 18944K, used 8518K [0x00000000eab00000, 0x00000000ec000000, 0x0000000100000000)
  eden space 16384K, 36% used [0x00000000eab00000,0x00000000eb0d74c0,0x00000000ebb00000)
  from space 2560K, 99% used [0x00000000ebb00000,0x00000000ebd7a400,0x00000000ebd80000)
  to   space 2560K, 0% used [0x00000000ebd80000,0x00000000ebd80000,0x00000000ec000000)
 ParOldGen       total 44032K, used 846K [0x00000000c0000000, 0x00000000c2b00000, 0x00000000eab00000)
  object space 44032K, 1% used [0x00000000c0000000,0x00000000c00d3a48,0x00000000c2b00000)
 Metaspace       used 5802K, capacity 6768K, committed 7040K, reserved 1056768K
  class space    used 595K, capacity 616K, committed 640K, reserved 1048576K

Card table byte_map: [0x0000000011b70000,0x0000000011d80000] byte_map_base: 0x0000000011570000

Marking Bits: (ParMarkBitMap*) 0x0000000062fda6d0
 Begin Bits: [0x00000000122e0000, 0x00000000132e0000)
 End Bits:   [0x00000000132e0000, 0x00000000142e0000)

Polling page: 0x0000000000c60000

CodeCache: size=245760Kb used=3130Kb max_used=3142Kb free=242629Kb
 bounds [0x00000000027b0000, 0x0000000002ad0000, 0x00000000117b0000]
 total_blobs=1112 nmethods=843 adapters=182
 compilation: enabled

Compilation events (10 events):
Event: 4.478 Thread 0x0000000014ed7000  866       4       com.android.dx.ssa.DeadCodeRemover$NoSideEffectVisitor::visitNonMoveInsn (28 bytes)
Event: 4.478 Thread 0x0000000014e7d800  867       4       com.android.dx.ssa.NormalSsaInsn::hasSideEffect (76 bytes)
Event: 4.481 Thread 0x0000000014e7d800 nmethod 867 0x0000000002ac2290 code [0x0000000002ac23e0, 0x0000000002ac2558]
Event: 4.482 Thread 0x0000000014e7d800  868       4       com.android.dx.util.Bits::set (38 bytes)
Event: 4.483 Thread 0x0000000014e7d800 nmethod 868 0x0000000002abe810 code [0x0000000002abe940, 0x0000000002abe9f8]
Event: 4.484 Thread 0x0000000014e7d800  869   !   4       com.android.dx.util.IntList::set (53 bytes)
Event: 4.484 Thread 0x0000000014ed7000 nmethod 866 0x0000000002abf850 code [0x0000000002abf9c0, 0x0000000002abfcc8]
Event: 4.485 Thread 0x0000000014ed7000  871       4       com.android.dx.rop.code.RegisterSpecSet::mutableCopy (57 bytes)
Event: 4.485 Thread 0x0000000014e7d800 nmethod 869 0x0000000002abf4d0 code [0x0000000002abf620, 0x0000000002abf718]
Event: 4.486 Thread 0x0000000014e7d800  872       4       com.android.dx.util.BitIntSet::ensureCapacity (51 bytes)

GC Heap History (2 events):
Event: 4.054 GC heap before
{Heap before GC invocations=1 (full 0):
 PSYoungGen      total 18944K, used 16384K [0x00000000eab00000, 0x00000000ec000000, 0x0000000100000000)
  eden space 16384K, 100% used [0x00000000eab00000,0x00000000ebb00000,0x00000000ebb00000)
  from space 2560K, 0% used [0x00000000ebd80000,0x00000000ebd80000,0x00000000ec000000)
  to   space 2560K, 0% used [0x00000000ebb00000,0x00000000ebb00000,0x00000000ebd80000)
 ParOldGen       total 44032K, used 0K [0x00000000c0000000, 0x00000000c2b00000, 0x00000000eab00000)
  object space 44032K, 0% used [0x00000000c0000000,0x00000000c0000000,0x00000000c2b00000)
 Metaspace       used 5532K, capacity 6512K, committed 6784K, reserved 1056768K
  class space    used 592K, capacity 616K, committed 640K, reserved 1048576K
Event: 4.168 GC heap after
Heap after GC invocations=1 (full 0):
 PSYoungGen      total 18944K, used 2537K [0x00000000eab00000, 0x00000000ec000000, 0x0000000100000000)
  eden space 16384K, 0% used [0x00000000eab00000,0x00000000eab00000,0x00000000ebb00000)
  from space 2560K, 99% used [0x00000000ebb00000,0x00000000ebd7a400,0x00000000ebd80000)
  to   space 2560K, 0% used [0x00000000ebd80000,0x00000000ebd80000,0x00000000ec000000)
 ParOldGen       total 44032K, used 846K [0x00000000c0000000, 0x00000000c2b00000, 0x00000000eab00000)
  object space 44032K, 1% used [0x00000000c0000000,0x00000000c00d3a48,0x00000000c2b00000)
 Metaspace       used 5532K, capacity 6512K, committed 6784K, reserved 1056768K
  class space    used 592K, capacity 616K, committed 640K, reserved 1048576K
}

Deoptimization events (6 events):
Event: 3.480 Thread 0x00000000026b0800 Uncommon trap: reason=unstable_if action=reinterpret pc=0x00000000029045d4 method=java.lang.String.compareTo(Ljava/lang/String;)I @ 38
Event: 4.222 Thread 0x0000000016a26000 Uncommon trap: reason=unstable_if action=reinterpret pc=0x0000000002a18534 method=java.util.BitSet.ensureCapacity(I)V @ 6
Event: 4.222 Thread 0x0000000016a26000 Uncommon trap: reason=unstable_if action=reinterpret pc=0x00000000029d0e30 method=java.util.BitSet.nextSetBit(I)I @ 87
Event: 4.235 Thread 0x0000000016a2c000 Uncommon trap: reason=unstable_if action=reinterpret pc=0x00000000029ce564 method=java.util.HashMap.getNode(ILjava/lang/Object;)Ljava/util/HashMap$Node; @ 129
Event: 4.260 Thread 0x0000000016a2c000 Uncommon trap: reason=unstable_if action=reinterpret pc=0x0000000002a6379c method=com.android.dx.rop.code.LocalItem.hashCode()I @ 25
Event: 4.458 Thread 0x0000000016a2c000 Uncommon trap: reason=unstable_if action=reinterpret pc=0x0000000002a4f5b4 method=java.util.HashMap.getNode(ILjava/lang/Object;)Ljava/util/HashMap$Node; @ 129

Internal exceptions (2 events):
Event: 1.875 Thread 0x00000000026b0800 Exception <a 'java/lang/NoSuchMethodError': Method sun.misc.Unsafe.defineClass(Ljava/lang/String;[BII)Ljava/lang/Class; name or signature does not match> (0x00000000eab07cc0) thrown at [C:\re\workspace\8-2-build-windows-amd64-cygwin\jdk8u101\7261\hotspot\s5Çìþý?
Event: 1.875 Thread 0x00000000026b0800 Exception <a 'java/lang/NoSuchMethodError': Method sun.misc.Unsafe.prefetchRead(Ljava/lang/Object;J)V name or signature does not match> (0x00000000eab07fa8) thrown at [C:\re\workspace\8-2-build-windows-amd64-cygwin\jdk8u101\7261\hotspot\src\share\vm\prims\

Events (10 events):
Event: 4.235 Thread 0x0000000016a2c000 DEOPT PACKING pc=0x00000000029ce564 sp=0x00000000170ae720
Event: 4.235 Thread 0x0000000016a2c000 DEOPT UNPACKING pc=0x00000000027f582a sp=0x00000000170ae698 mode 2
Event: 4.238 loading class com/android/dx/dex/file/MethodAnnotationStruct
Event: 4.238 loading class com/android/dx/dex/file/MethodAnnotationStruct done
Event: 4.260 Thread 0x0000000016a2c000 Uncommon trap: trap_request=0xffffff65 fr.pc=0x0000000002a6379c
Event: 4.260 Thread 0x0000000016a2c000 DEOPT PACKING pc=0x0000000002a6379c sp=0x00000000170ae9d0
Event: 4.260 Thread 0x0000000016a2c000 DEOPT UNPACKING pc=0x00000000027f582a sp=0x00000000170ae908 mode 2
Event: 4.458 Thread 0x0000000016a2c000 Uncommon trap: trap_request=0xffffff65 fr.pc=0x0000000002a4f5b4
Event: 4.458 Thread 0x0000000016a2c000 DEOPT PACKING pc=0x0000000002a4f5b4 sp=0x00000000170ae3f0
Event: 4.458 Thread 0x0000000016a2c000 DEOPT UNPACKING pc=0x00000000027f582a sp=0x00000000170ae310 mode 2


Dynamic libraries:
0x00007ff76f1f0000 - 0x00007ff76f227000 	C:\Program Files\Java\jdk1.8.0_101\bin\java.exe
0x00007ffc4eb00000 - 0x00007ffc4ecad000 	C:\Windows\SYSTEM32\ntdll.dll
0x00007ffc4c7d0000 - 0x00007ffc4c90e000 	C:\Windows\system32\KERNEL32.DLL
0x00007ffc4bd50000 - 0x00007ffc4be65000 	C:\Windows\system32\KERNELBASE.dll
0x00007ffc4a790000 - 0x00007ffc4a81e000 	C:\Windows\system32\apphelp.dll
0x00007ffc40aa0000 - 0x00007ffc40af3000 	C:\Windows\AppPatch\AppPatch64\AcGenral.DLL
0x00007ffc4e910000 - 0x00007ffc4e9ba000 	C:\Windows\system32\msvcrt.dll
0x00007ffc4c160000 - 0x00007ffc4c18e000 	C:\Windows\system32\SspiCli.dll
0x00007ffc4c770000 - 0x00007ffc4c7c4000 	C:\Windows\system32\SHLWAPI.dll
0x00007ffc4c430000 - 0x00007ffc4c5a7000 	C:\Windows\system32\USER32.dll
0x00007ffc4c970000 - 0x00007ffc4cb04000 	C:\Windows\system32\ole32.dll
0x00007ffc4cbe0000 - 0x00007ffc4e109000 	C:\Windows\system32\SHELL32.dll
0x00007ffc4b200000 - 0x00007ffc4b221000 	C:\Windows\SYSTEM32\USERENV.dll
0x00007ffc4c380000 - 0x00007ffc4c42a000 	C:\Windows\system32\ADVAPI32.dll
0x00007ffc3ce40000 - 0x00007ffc3ce5e000 	C:\Windows\SYSTEM32\MPR.dll
0x00007ffc4e9c0000 - 0x00007ffc4eb00000 	C:\Windows\system32\RPCRT4.dll
0x00007ffc4e8b0000 - 0x00007ffc4e909000 	C:\Windows\SYSTEM32\sechost.dll
0x00007ffc4e5d0000 - 0x00007ffc4e7e1000 	C:\Windows\SYSTEM32\combase.dll
0x00007ffc4e470000 - 0x00007ffc4e5bf000 	C:\Windows\system32\GDI32.dll
0x00007ffc4bc30000 - 0x00007ffc4bc45000 	C:\Windows\SYSTEM32\profapi.dll
0x00007ffc4a1c0000 - 0x00007ffc4a272000 	C:\Windows\SYSTEM32\SHCORE.dll
0x00007ffc4e860000 - 0x00007ffc4e896000 	C:\Windows\system32\IMM32.DLL
0x00007ffc4c610000 - 0x00007ffc4c762000 	C:\Windows\system32\MSCTF.dll
0x00007ffc494b0000 - 0x00007ffc4972b000 	C:\Windows\WinSxS\amd64_microsoft.windows.common-controls_6595b64144ccf1df_6.0.9600.18006_none_623f33d3ecbe86e8\COMCTL32.dll
0x0000000062680000 - 0x0000000062752000 	C:\Program Files\Java\jdk1.8.0_101\jre\bin\msvcr100.dll
0x00000000627c0000 - 0x000000006305a000 	C:\Program Files\Java\jdk1.8.0_101\jre\bin\server\jvm.dll
0x00007ffc2f770000 - 0x00007ffc2f779000 	C:\Windows\SYSTEM32\WSOCK32.dll
0x00007ffc49b10000 - 0x00007ffc49b32000 	C:\Windows\SYSTEM32\WINMM.dll
0x00007ffc4aca0000 - 0x00007ffc4acaa000 	C:\Windows\SYSTEM32\VERSION.dll
0x00007ffc4c370000 - 0x00007ffc4c377000 	C:\Windows\system32\PSAPI.DLL
0x00007ffc4c5b0000 - 0x00007ffc4c60a000 	C:\Windows\system32\WS2_32.dll
0x00007ffc49480000 - 0x00007ffc494aa000 	C:\Windows\SYSTEM32\WINMMBASE.dll
0x00007ffc4e5c0000 - 0x00007ffc4e5c9000 	C:\Windows\system32\NSI.dll
0x00007ffc4bd00000 - 0x00007ffc4bd4f000 	C:\Windows\SYSTEM32\cfgmgr32.dll
0x00007ffc4aa00000 - 0x00007ffc4aa28000 	C:\Windows\SYSTEM32\DEVOBJ.dll
0x00000000634e0000 - 0x00000000634ef000 	C:\Program Files\Java\jdk1.8.0_101\jre\bin\verify.dll
0x00000000634b0000 - 0x00000000634d9000 	C:\Program Files\Java\jdk1.8.0_101\jre\bin\java.dll
0x0000000063490000 - 0x00000000634a6000 	C:\Program Files\Java\jdk1.8.0_101\jre\bin\zip.dll

VM Arguments:
jvm_args: -Djava.awt.headless=true -Xmx1024M -Dfile.encoding=windows-1252 -Duser.country=US -Duser.language=en -Duser.variant 
java_command: com.android.dx.command.Main --dex --force-jumbo --num-threads=4 --multi-dex --output D:\mahatrain\app\build\intermediates\transforms\dex\debug\folders\1000\10\internal_impl-23.3.0_5d5b772b894b33a7defb9459e7a5f920a0df0667 D:\mahatrain\app\build\intermediates\exploded-aar\com.android.support\support-v4\23.3.0\jars\libs\internal_impl-23.3.0.jar
java_class_path (initial): D:\android\sdk\build-tools\23.0.3\lib\dx.jar
Launcher Type: SUN_STANDARD

Environment Variables:
PATH=C:\Program Files\Java\jre1.8.0_102;C:\Program Files (x86)\Skype\Phone\;C:\Program Files\Java\jdk1.8.0_101\bin
USERNAME=Smktelkom
OS=Windows_NT
PROCESSOR_IDENTIFIER=Intel64 Family 6 Model 69 Stepping 1, GenuineIntel



---------------  S Y S T E M  ---------------

OS: Windows 8.1 , 64 bit Build 9600 (6.3.9600.17415)

CPU:total 4 (2 cores per cpu, 2 threads per core) family 6 model 69 stepping 1, cmov, cx8, fxsr, mmx, sse, sse2, sse3, ssse3, sse4.1, sse4.2, popcnt, avx, avx2, aes, clmul, erms, lzcnt, ht, tsc, tscinvbit, bmi1, bmi2

Memory: 4k page, physical 4074560k(601388k free), swap 4074560k(5024k free)

vm_info: Java HotSpot(TM) 64-Bit Server VM (25.101-b13) for windows-amd64 JRE (1.8.0_101-b13), built on Jun 22 2016 01:21:29 by "java_re" with MS VC++ 10.0 (VS2010)

time: Sun Sep 11 23:15:56 2016
elapsed time: 4 seconds (0d 0h 0m 4s)

