#
# There is insufficient memory for the Java Runtime Environment to continue.
# Native memory allocation (malloc) failed to allocate 32744 bytes for ChunkPool::allocate
# Possible reasons:
#   The system is out of physical RAM or swap space
#   In 32 bit mode, the process size limit was hit
# Possible solutions:
#   Reduce memory load on the system
#   Increase physical memory or swap space
#   Check if swap backing store is full
#   Use 64 bit Java on a 64 bit OS
#   Decrease Java heap size (-Xmx/-Xms)
#   Decrease number of Java threads
#   Decrease Java thread stack sizes (-Xss)
#   Set larger code cache with -XX:ReservedCodeCacheSize=
# This output file may be truncated or incomplete.
#
#  Out of Memory Error (allocation.cpp:273), pid=4896, tid=0x0000000000001dcc
#
# JRE version: Java(TM) SE Runtime Environment (8.0_101-b13) (build 1.8.0_101-b13)
# Java VM: Java HotSpot(TM) 64-Bit Server VM (25.101-b13 mixed mode windows-amd64 compressed oops)
# Failed to write core dump. Minidumps are not enabled by default on client versions of Windows
#

---------------  T H R E A D  ---------------

Current thread (0x0000000001cd0800):  JavaThread "main" [_thread_in_vm, id=7628, stack(0x0000000001b20000,0x0000000001c20000)]

Stack: [0x0000000001b20000,0x0000000001c20000]
[error occurred during error reporting (printing stack bounds), id 0xc0000005]

Native frames: (J=compiled Java code, j=interpreted, Vv=VM code, C=native code)

Java frames: (J=compiled Java code, j=interpreted, Vv=VM code)
j  com.android.dx.command.Main.main([Ljava/lang/String;)V+61
v  ~StubRoutines::call_stub

---------------  P R O C E S S  ---------------

Java Threads: ( => current thread )
  0x0000000015ce5800 JavaThread "Service Thread" daemon [_thread_blocked, id=7796, stack(0x00000000161e0000,0x00000000162e0000)]
  0x00000000144fe800 JavaThread "C1 CompilerThread2" daemon [_thread_blocked, id=8336, stack(0x00000000160e0000,0x00000000161e0000)]
  0x00000000144f8000 JavaThread "C2 CompilerThread1" daemon [_thread_blocked, id=8404, stack(0x0000000015be0000,0x0000000015ce0000)]
  0x000000001449e800 JavaThread "C2 CompilerThread0" daemon [_thread_blocked, id=9144, stack(0x0000000015ae0000,0x0000000015be0000)]
  0x000000001449d000 JavaThread "Attach Listener" daemon [_thread_blocked, id=4704, stack(0x00000000159e0000,0x0000000015ae0000)]
  0x0000000014499800 JavaThread "Signal Dispatcher" daemon [_thread_blocked, id=8476, stack(0x00000000158e0000,0x00000000159e0000)]
  0x000000001448a000 JavaThread "Finalizer" daemon [_thread_blocked, id=1252, stack(0x0000000015700000,0x0000000015800000)]
  0x0000000001dbf000 JavaThread "Reference Handler" daemon [_thread_blocked, id=8520, stack(0x0000000015600000,0x0000000015700000)]
=>0x0000000001cd0800 JavaThread "main" [_thread_in_vm, id=7628, stack(0x0000000001b20000,0x0000000001c20000)]

Other Threads:
  0x0000000014467800 VMThread [stack: 0x0000000015500000,0x0000000015600000] [id=6892]
  0x0000000015cfa800 WatcherThread [stack: 0x00000000162e0000,0x00000000163e0000] [id=5484]

VM state:not at safepoint (normal execution)

VM Mutex/Monitor currently owned by a thread: None

Heap:
 PSYoungGen      total 18944K, used 1327K [0x00000000eab00000, 0x00000000ec000000, 0x0000000100000000)
  eden space 16384K, 8% used [0x00000000eab00000,0x00000000eac4bf08,0x00000000ebb00000)
  from space 2560K, 0% used [0x00000000ebd80000,0x00000000ebd80000,0x00000000ec000000)
  to   space 2560K, 0% used [0x00000000ebb00000,0x00000000ebb00000,0x00000000ebd80000)
 ParOldGen       total 44032K, used 0K [0x00000000c0000000, 0x00000000c2b00000, 0x00000000eab00000)
  object space 44032K, 0% used [0x00000000c0000000,0x00000000c0000000,0x00000000c2b00000)
 Metaspace       used 2889K, capacity 4560K, committed 4864K, reserved 1056768K
  class space    used 316K, capacity 392K, committed 512K, reserved 1048576K

Card table byte_map: [0x0000000011190000,0x00000000113a0000] byte_map_base: 0x0000000010b90000

Marking Bits: (ParMarkBitMap*) 0x0000000062fda6d0
 Begin Bits: [0x0000000011900000, 0x0000000012900000)
 End Bits:   [0x0000000012900000, 0x0000000013900000)

Polling page: 0x00000000002f0000

CodeCache: size=245760Kb used=1123Kb max_used=1123Kb free=244636Kb
 bounds [0x0000000001dd0000, 0x0000000002040000, 0x0000000010dd0000]
 total_blobs=276 nmethods=41 adapters=148
 compilation: enabled

Compilation events (10 events):
Event: 0.198 Thread 0x00000000144fe800   36       1       java.util.ArrayList::size (5 bytes)
Event: 0.198 Thread 0x00000000144fe800 nmethod 36 0x0000000001ee7310 code [0x0000000001ee7460, 0x0000000001ee7570]
Event: 0.199 Thread 0x00000000144fe800   37       3       java.util.concurrent.ConcurrentHashMap::tabAt (21 bytes)
Event: 0.199 Thread 0x00000000144fe800 nmethod 37 0x0000000001ee7990 code [0x0000000001ee7ae0, 0x0000000001ee7d10]
Event: 0.199 Thread 0x00000000144fe800   39       3       java.util.Arrays::copyOf (19 bytes)
Event: 0.199 Thread 0x00000000144fe800 nmethod 39 0x0000000001ee7d90 code [0x0000000001ee7f00, 0x0000000001ee8228]
Event: 0.200 Thread 0x00000000144fe800   40       3       java.lang.AbstractStringBuilder::<init> (12 bytes)
Event: 0.200 Thread 0x00000000144fe800 nmethod 40 0x0000000001ee8350 code [0x0000000001ee84c0, 0x0000000001ee8710]
Event: 0.202 Thread 0x00000000144fe800   41       3       java.lang.String::lastIndexOf (52 bytes)
Event: 0.203 Thread 0x00000000144fe800 nmethod 41 0x0000000001ee87d0 code [0x0000000001ee8960, 0x0000000001ee8d08]

GC Heap History (0 events):
No events

Deoptimization events (0 events):
No events

Internal exceptions (2 events):
Event: 0.092 Thread 0x0000000001cd0800 Exception <a 'java/lang/NoSuchMethodError': Method sun.misc.Unsafe.defineClass(Ljava/lang/String;[BII)Ljava/lang/Class; name or signature does not match> (0x00000000eab07cc0) thrown at [C:\re\workspace\8-2-build-windows-amd64-cygwin\jdk8u101\7261\hotspot\se3‡·?
Event: 0.092 Thread 0x0000000001cd0800 Exception <a 'java/lang/NoSuchMethodError': Method sun.misc.Unsafe.prefetchRead(Ljava/lang/Object;J)V name or signature does not match> (0x00000000eab07fa8) thrown at [C:\re\workspace\8-2-build-windows-amd64-cygwin\jdk8u101\7261\hotspot\src\share\vm\prims\

Events (10 events):
Event: 0.201 loading class java/util/concurrent/RejectedExecutionHandler
Event: 0.202 loading class java/util/concurrent/RejectedExecutionHandler done
Event: 0.202 loading class java/util/concurrent/BlockingQueue
Event: 0.202 loading class java/util/concurrent/BlockingQueue done
Event: 0.202 loading class java/util/concurrent/ExecutorService
Event: 0.202 loading class java/util/concurrent/Executor
Event: 0.202 loading class java/util/concurrent/Executor done
Event: 0.202 loading class java/util/concurrent/ExecutorService done
Event: 0.202 loading class com/android/dx/cf/direct/ClassPathOpener$FileNameFilter
Event: 0.202 loading class com/android/dx/cf/direct/ClassPathOpener$FileNameFilter done


Dynamic libraries:
0x00007ff76f1f0000 - 0x00007ff76f227000 	C:\Program Files\Java\jdk1.8.0_101\bin\java.exe
0x00007ffc4eb00000 - 0x00007ffc4ecad000 	C:\Windows\SYSTEM32\ntdll.dll
0x00007ffc4c7d0000 - 0x00007ffc4c90e000 	C:\Windows\system32\KERNEL32.DLL
0x00007ffc4bd50000 - 0x00007ffc4be65000 	C:\Windows\system32\KERNELBASE.dll
0x00007ffc4a790000 - 0x00007ffc4a81e000 	C:\Windows\system32\apphelp.dll
0x00007ffc3e410000 - 0x00007ffc3e463000 	C:\Windows\AppPatch\AppPatch64\AcGenral.DLL
0x00007ffc4e910000 - 0x00007ffc4e9ba000 	C:\Windows\system32\msvcrt.dll
0x00007ffc4c160000 - 0x00007ffc4c18e000 	C:\Windows\system32\SspiCli.dll
0x00007ffc4c770000 - 0x00007ffc4c7c4000 	C:\Windows\system32\SHLWAPI.dll
0x00007ffc4c430000 - 0x00007ffc4c5a7000 	C:\Windows\system32\USER32.dll
0x00007ffc4c970000 - 0x00007ffc4cb04000 	C:\Windows\system32\ole32.dll
0x00007ffc4cbe0000 - 0x00007ffc4e109000 	C:\Windows\system32\SHELL32.dll
0x00007ffc4b200000 - 0x00007ffc4b221000 	C:\Windows\SYSTEM32\USERENV.dll
0x00007ffc4c380000 - 0x00007ffc4c42a000 	C:\Windows\system32\ADVAPI32.dll
0x00007ffc3ce40000 - 0x00007ffc3ce5e000 	C:\Windows\SYSTEM32\MPR.dll
0x00007ffc4e9c0000 - 0x00007ffc4eb00000 	C:\Windows\system32\RPCRT4.dll
0x00007ffc4e8b0000 - 0x00007ffc4e909000 	C:\Windows\SYSTEM32\sechost.dll
0x00007ffc4e5d0000 - 0x00007ffc4e7e1000 	C:\Windows\SYSTEM32\combase.dll
0x00007ffc4e470000 - 0x00007ffc4e5bf000 	C:\Windows\system32\GDI32.dll
0x00007ffc4bc30000 - 0x00007ffc4bc45000 	C:\Windows\SYSTEM32\profapi.dll
0x00007ffc4a1c0000 - 0x00007ffc4a272000 	C:\Windows\SYSTEM32\SHCORE.dll
0x00007ffc4e860000 - 0x00007ffc4e896000 	C:\Windows\system32\IMM32.DLL
0x00007ffc4c610000 - 0x00007ffc4c762000 	C:\Windows\system32\MSCTF.dll
0x00007ffc494b0000 - 0x00007ffc4972b000 	C:\Windows\WinSxS\amd64_microsoft.windows.common-controls_6595b64144ccf1df_6.0.9600.18006_none_623f33d3ecbe86e8\COMCTL32.dll
0x0000000062680000 - 0x0000000062752000 	C:\Program Files\Java\jdk1.8.0_101\jre\bin\msvcr100.dll
0x00000000627c0000 - 0x000000006305a000 	C:\Program Files\Java\jdk1.8.0_101\jre\bin\server\jvm.dll
0x00007ffc2f770000 - 0x00007ffc2f779000 	C:\Windows\SYSTEM32\WSOCK32.dll
0x00007ffc49b10000 - 0x00007ffc49b32000 	C:\Windows\SYSTEM32\WINMM.dll
0x00007ffc4aca0000 - 0x00007ffc4acaa000 	C:\Windows\SYSTEM32\VERSION.dll
0x00007ffc4c370000 - 0x00007ffc4c377000 	C:\Windows\system32\PSAPI.DLL
0x00007ffc4c5b0000 - 0x00007ffc4c60a000 	C:\Windows\system32\WS2_32.dll
0x00007ffc49480000 - 0x00007ffc494aa000 	C:\Windows\SYSTEM32\WINMMBASE.dll
0x00007ffc4e5c0000 - 0x00007ffc4e5c9000 	C:\Windows\system32\NSI.dll
0x00007ffc4bd00000 - 0x00007ffc4bd4f000 	C:\Windows\SYSTEM32\cfgmgr32.dll
0x00007ffc4aa00000 - 0x00007ffc4aa28000 	C:\Windows\SYSTEM32\DEVOBJ.dll
0x00000000634e0000 - 0x00000000634ef000 	C:\Program Files\Java\jdk1.8.0_101\jre\bin\verify.dll
0x00000000634b0000 - 0x00000000634d9000 	C:\Program Files\Java\jdk1.8.0_101\jre\bin\java.dll
0x0000000063490000 - 0x00000000634a6000 	C:\Program Files\Java\jdk1.8.0_101\jre\bin\zip.dll

VM Arguments:
jvm_args: -Djava.awt.headless=true -Xmx1024M -Dfile.encoding=windows-1252 -Duser.country=US -Duser.language=en -Duser.variant 
java_command: com.android.dx.command.Main --dex --force-jumbo --num-threads=4 --multi-dex --output D:\mahatrain\app\build\intermediates\transforms\dex\debug\folders\1000\5\slice_4 D:\mahatrain\app\build\intermediates\transforms\instantRunSlicer\debug\folders\1\5\slice_4
java_class_path (initial): D:\android\sdk\build-tools\23.0.3\lib\dx.jar
Launcher Type: SUN_STANDARD

Environment Variables:
PATH=C:\Program Files\Java\jre1.8.0_102;C:\Program Files (x86)\Skype\Phone\;C:\Program Files\Java\jdk1.8.0_101\bin
USERNAME=Smktelkom
OS=Windows_NT
PROCESSOR_IDENTIFIER=Intel64 Family 6 Model 69 Stepping 1, GenuineIntel



---------------  S Y S T E M  ---------------

OS: Windows 8.1 , 64 bit Build 9600 (6.3.9600.17415)

CPU:total 4 (2 cores per cpu, 2 threads per core) family 6 model 69 stepping 1, cmov, cx8, fxsr, mmx, sse, sse2, sse3, ssse3, sse4.1, sse4.2, popcnt, avx, avx2, aes, clmul, erms, lzcnt, ht, tsc, tscinvbit, bmi1, bmi2

Memory: 4k page, physical 4074560k(688740k free), swap 4074560k(3652k free)

vm_info: Java HotSpot(TM) 64-Bit Server VM (25.101-b13) for windows-amd64 JRE (1.8.0_101-b13), built on Jun 22 2016 01:21:29 by "java_re" with MS VC++ 10.0 (VS2010)

time: Sun Sep 11 23:09:58 2016
elapsed time: 0 seconds (0d 0h 0m 0s)

