#
# There is insufficient memory for the Java Runtime Environment to continue.
# Native memory allocation (malloc) failed to allocate 2048 bytes for AllocateHeap
# Possible reasons:
#   The system is out of physical RAM or swap space
#   In 32 bit mode, the process size limit was hit
# Possible solutions:
#   Reduce memory load on the system
#   Increase physical memory or swap space
#   Check if swap backing store is full
#   Use 64 bit Java on a 64 bit OS
#   Decrease Java heap size (-Xmx/-Xms)
#   Decrease number of Java threads
#   Decrease Java thread stack sizes (-Xss)
#   Set larger code cache with -XX:ReservedCodeCacheSize=
# This output file may be truncated or incomplete.
#
#  Out of Memory Error (memory/allocation.inline.hpp:61), pid=1524, tid=0x0000000000002214
#
# JRE version: Java(TM) SE Runtime Environment (8.0_101-b13) (build 1.8.0_101-b13)
# Java VM: Java HotSpot(TM) 64-Bit Server VM (25.101-b13 mixed mode windows-amd64 compressed oops)
# Failed to write core dump. Minidumps are not enabled by default on client versions of Windows
#

---------------  T H R E A D  ---------------

Current thread (0x0000000002b10800):  JavaThread "main" [_thread_in_vm, id=8724, stack(0x0000000001290000,0x0000000001390000)]

Stack: [0x0000000001290000,0x0000000001390000]
[error occurred during error reporting (printing stack bounds), id 0xc0000005]

Native frames: (J=compiled Java code, j=interpreted, Vv=VM code, C=native code)

Java frames: (J=compiled Java code, j=interpreted, Vv=VM code)
j  java.net.URLClassLoader.findClass(Ljava/lang/String;)Ljava/lang/Class;+13
j  java.lang.ClassLoader.loadClass(Ljava/lang/String;Z)Ljava/lang/Class;+70
j  sun.misc.Launcher$AppClassLoader.loadClass(Ljava/lang/String;Z)Ljava/lang/Class;+81
j  java.lang.ClassLoader.loadClass(Ljava/lang/String;)Ljava/lang/Class;+3
v  ~StubRoutines::call_stub
j  com.android.dx.dex.file.MixedItemSection.<clinit>()V+0
v  ~StubRoutines::call_stub
j  com.android.dx.dex.file.DexFile.<init>(Lcom/android/dx/dex/DexOptions;)V+22
j  com.android.dx.command.dexer.Main.createDexFile()V+10
j  com.android.dx.command.dexer.Main.processAllFiles()Z+0
j  com.android.dx.command.dexer.Main.runMultiDex()I+66
j  com.android.dx.command.dexer.Main.run(Lcom/android/dx/command/dexer/Main$Arguments;)I+66
j  com.android.dx.command.dexer.Main.main([Ljava/lang/String;)V+14
j  com.android.dx.command.Main.main([Ljava/lang/String;)V+61
v  ~StubRoutines::call_stub

---------------  P R O C E S S  ---------------

Java Threads: ( => current thread )
  0x0000000016cd5800 JavaThread "Service Thread" daemon [_thread_blocked, id=4532, stack(0x00000000170d0000,0x00000000171d0000)]
  0x00000000153fe800 JavaThread "C1 CompilerThread2" daemon [_thread_blocked, id=7120, stack(0x0000000016bd0000,0x0000000016cd0000)]
  0x00000000153f8000 JavaThread "C2 CompilerThread1" daemon [_thread_blocked, id=9016, stack(0x0000000016ad0000,0x0000000016bd0000)]
  0x000000001539e800 JavaThread "C2 CompilerThread0" daemon [_thread_blocked, id=9116, stack(0x00000000169d0000,0x0000000016ad0000)]
  0x000000001539d000 JavaThread "Attach Listener" daemon [_thread_blocked, id=9104, stack(0x00000000168d0000,0x00000000169d0000)]
  0x000000001539a000 JavaThread "Signal Dispatcher" daemon [_thread_blocked, id=32, stack(0x00000000167d0000,0x00000000168d0000)]
  0x000000001538a000 JavaThread "Finalizer" daemon [_thread_blocked, id=3956, stack(0x00000000165f0000,0x00000000166f0000)]
  0x0000000002bff000 JavaThread "Reference Handler" daemon [_thread_blocked, id=7100, stack(0x00000000164f0000,0x00000000165f0000)]
=>0x0000000002b10800 JavaThread "main" [_thread_in_vm, id=8724, stack(0x0000000001290000,0x0000000001390000)]

Other Threads:
  0x0000000015367800 VMThread [stack: 0x00000000163f0000,0x00000000164f0000] [id=5596]
  0x0000000016ce9800 WatcherThread [stack: 0x00000000171d0000,0x00000000172d0000] [id=8308]

VM state:not at safepoint (normal execution)

VM Mutex/Monitor currently owned by a thread:  ([mutex/lock_event])
[0x000000000117bdf0] SystemDictionary_lock - owner thread: 0x0000000002b10800

Heap:
 PSYoungGen      total 18944K, used 1662K [0x00000000eab00000, 0x00000000ec000000, 0x0000000100000000)
  eden space 16384K, 10% used [0x00000000eab00000,0x00000000eac9f9a0,0x00000000ebb00000)
  from space 2560K, 0% used [0x00000000ebd80000,0x00000000ebd80000,0x00000000ec000000)
  to   space 2560K, 0% used [0x00000000ebb00000,0x00000000ebb00000,0x00000000ebd80000)
 ParOldGen       total 44032K, used 0K [0x00000000c0000000, 0x00000000c2b00000, 0x00000000eab00000)
  object space 44032K, 0% used [0x00000000c0000000,0x00000000c0000000,0x00000000c2b00000)
 Metaspace       used 3153K, capacity 4720K, committed 4864K, reserved 1056768K
  class space    used 349K, capacity 424K, committed 512K, reserved 1048576K

Card table byte_map: [0x0000000012090000,0x00000000122a0000] byte_map_base: 0x0000000011a90000

Marking Bits: (ParMarkBitMap*) 0x0000000073d4a6d0
 Begin Bits: [0x0000000012800000, 0x0000000013800000)
 End Bits:   [0x0000000013800000, 0x0000000014800000)

Polling page: 0x0000000001110000

CodeCache: size=245760Kb used=1187Kb max_used=1187Kb free=244572Kb
 bounds [0x0000000002cd0000, 0x0000000002f40000, 0x0000000011cd0000]
 total_blobs=311 nmethods=72 adapters=152
 compilation: enabled

Compilation events (10 events):
Event: 0.680 Thread 0x00000000153fe800   67       1       java.security.ProtectionDomain::getCodeSource (5 bytes)
Event: 0.680 Thread 0x00000000153fe800 nmethod 67 0x0000000002df6ed0 code [0x0000000002df7020, 0x0000000002df7130]
Event: 0.680 Thread 0x00000000153fe800   68       3       java.nio.Buffer::checkIndex (22 bytes)
Event: 0.680 Thread 0x00000000153fe800 nmethod 68 0x0000000002df7190 code [0x0000000002df7300, 0x0000000002df7548]
Event: 0.680 Thread 0x00000000153fe800   69       3       java.nio.DirectLongBufferU::ix (10 bytes)
Event: 0.680 Thread 0x00000000153fe800 nmethod 69 0x0000000002df7610 code [0x0000000002df7760, 0x0000000002df78d0]
Event: 0.680 Thread 0x00000000153fe800   70       3       java.lang.ClassLoader::checkName (43 bytes)
Event: 0.681 Thread 0x00000000153fe800 nmethod 70 0x0000000002df7d10 code [0x0000000002df7ec0, 0x0000000002df8638]
Event: 0.682 Thread 0x00000000153fe800   72       3       java.lang.StringBuilder::<init> (7 bytes)
Event: 0.682 Thread 0x00000000153fe800 nmethod 72 0x0000000002df88d0 code [0x0000000002df8a40, 0x0000000002df8cf0]

GC Heap History (0 events):
No events

Deoptimization events (0 events):
No events

Internal exceptions (5 events):
Event: 0.039 Thread 0x0000000002b10800 Exception <a 'java/lang/NoSuchMethodError': Method sun.misc.Unsafe.defineClass(Ljava/lang/String;[BII)Ljava/lang/Class; name or signature does not match> (0x00000000eab07cc0) thrown at [C:\re\workspace\8-2-build-windows-amd64-cygwin\jdk8u101\7261\hotspot\s”ÀWÜ£?
Event: 0.039 Thread 0x0000000002b10800 Exception <a 'java/lang/NoSuchMethodError': Method sun.misc.Unsafe.prefetchRead(Ljava/lang/Object;J)V name or signature does not match> (0x00000000eab07fa8) thrown at [C:\re\workspace\8-2-build-windows-amd64-cygwin\jdk8u101\7261\hotspot\src\share\vm\prims\ýUÿ–®Òå?
Event: 0.682 Thread 0x0000000002b10800 Exception <a 'java/lang/OutOfMemoryError'> (0x00000000eac64570) thrown at [C:\re\workspace\8-2-build-windows-amd64-cygwin\jdk8u101\7261\hotspot\src\share\vm\prims\jni.cpp, line 735]
Event: 0.682 Thread 0x0000000002b10800 Exception <a 'java/lang/OutOfMemoryError'> (0x00000000eac64570) thrown at [C:\re\workspace\8-2-build-windows-amd64-cygwin\jdk8u101\7261\hotspot\src\share\vm\prims\jvm.cpp, line 1390]
Event: 0.682 Thread 0x0000000002b10800 Exception <a 'java/lang/NoClassDefFoundError': java/security/PrivilegedActionException> (0x00000000eac647f0) thrown at [C:\re\workspace\8-2-build-windows-amd64-cygwin\jdk8u101\7261\hotspot\src\share\vm\classfile\systemDictionary.cpp, line 208]

Events (10 events):
Event: 0.680 loading class java/util/Collections$SingletonList
Event: 0.680 loading class java/util/Collections$SingletonList done
Event: 0.680 loading class java/util/NoSuchElementException
Event: 0.680 loading class java/util/NoSuchElementException done
Event: 0.681 loading class com/android/dx/dex/file/MixedItemSection$1
Event: 0.681 loading class com/android/dx/dex/file/MixedItemSection$1 done
Event: 0.682 loading class com/android/dx/dex/file/ItemType
Event: 0.682 loading class com/android/dx/dex/file/ItemType done
Event: 0.682 loading class java/security/PrivilegedActionException
Event: 0.682 loading class java/security/PrivilegedActionException done


Dynamic libraries:
0x00007ff7e63f0000 - 0x00007ff7e6427000 	C:\Program Files\Java\jdk1.8.0_101\bin\java.exe
0x00007ffb5d610000 - 0x00007ffb5d7bd000 	C:\Windows\SYSTEM32\ntdll.dll
0x00007ffb5cfb0000 - 0x00007ffb5d0ee000 	C:\Windows\system32\KERNEL32.DLL
0x00007ffb5ab80000 - 0x00007ffb5ac95000 	C:\Windows\system32\KERNELBASE.dll
0x00007ffb592a0000 - 0x00007ffb5932e000 	C:\Windows\system32\apphelp.dll
0x00007ffb4e380000 - 0x00007ffb4e3d3000 	C:\Windows\AppPatch\AppPatch64\AcGenral.DLL
0x00007ffb5aec0000 - 0x00007ffb5af6a000 	C:\Windows\system32\msvcrt.dll
0x00007ffb5aaa0000 - 0x00007ffb5aace000 	C:\Windows\system32\SspiCli.dll
0x00007ffb5b040000 - 0x00007ffb5b094000 	C:\Windows\system32\SHLWAPI.dll
0x00007ffb5ce30000 - 0x00007ffb5cfa7000 	C:\Windows\system32\USER32.dll
0x00007ffb5b340000 - 0x00007ffb5b4d4000 	C:\Windows\system32\ole32.dll
0x00007ffb5b540000 - 0x00007ffb5ca69000 	C:\Windows\system32\SHELL32.dll
0x00007ffb59d70000 - 0x00007ffb59d91000 	C:\Windows\SYSTEM32\USERENV.dll
0x00007ffb5cc30000 - 0x00007ffb5ccda000 	C:\Windows\system32\ADVAPI32.dll
0x00007ffb4b0d0000 - 0x00007ffb4b0ee000 	C:\Windows\SYSTEM32\MPR.dll
0x00007ffb5d250000 - 0x00007ffb5d390000 	C:\Windows\system32\RPCRT4.dll
0x00007ffb5d3d0000 - 0x00007ffb5d429000 	C:\Windows\SYSTEM32\sechost.dll
0x00007ffb5aca0000 - 0x00007ffb5aeb1000 	C:\Windows\SYSTEM32\combase.dll
0x00007ffb5b0c0000 - 0x00007ffb5b20f000 	C:\Windows\system32\GDI32.dll
0x00007ffb5a740000 - 0x00007ffb5a755000 	C:\Windows\SYSTEM32\profapi.dll
0x00007ffb58f00000 - 0x00007ffb58fb2000 	C:\Windows\SYSTEM32\SHCORE.dll
0x00007ffb5d390000 - 0x00007ffb5d3c6000 	C:\Windows\system32\IMM32.DLL
0x00007ffb5d0f0000 - 0x00007ffb5d242000 	C:\Windows\system32\MSCTF.dll
0x00007ffb581f0000 - 0x00007ffb5846b000 	C:\Windows\WinSxS\amd64_microsoft.windows.common-controls_6595b64144ccf1df_6.0.9600.18006_none_623f33d3ecbe86e8\COMCTL32.dll
0x00000000731c0000 - 0x0000000073292000 	C:\Program Files\Java\jdk1.8.0_101\jre\bin\msvcr100.dll
0x0000000073530000 - 0x0000000073dca000 	C:\Program Files\Java\jdk1.8.0_101\jre\bin\server\jvm.dll
0x00007ffb3a160000 - 0x00007ffb3a169000 	C:\Windows\SYSTEM32\WSOCK32.dll
0x00007ffb58650000 - 0x00007ffb58672000 	C:\Windows\SYSTEM32\WINMM.dll
0x00007ffb597b0000 - 0x00007ffb597ba000 	C:\Windows\SYSTEM32\VERSION.dll
0x00007ffb5ca70000 - 0x00007ffb5ca77000 	C:\Windows\system32\PSAPI.DLL
0x00007ffb5b4e0000 - 0x00007ffb5b53a000 	C:\Windows\system32\WS2_32.dll
0x00007ffb581c0000 - 0x00007ffb581ea000 	C:\Windows\SYSTEM32\WINMMBASE.dll
0x00007ffb5cd00000 - 0x00007ffb5cd09000 	C:\Windows\system32\NSI.dll
0x00007ffb5aa50000 - 0x00007ffb5aa9f000 	C:\Windows\SYSTEM32\cfgmgr32.dll
0x00007ffb59510000 - 0x00007ffb59538000 	C:\Windows\SYSTEM32\DEVOBJ.dll
0x0000000074010000 - 0x000000007401f000 	C:\Program Files\Java\jdk1.8.0_101\jre\bin\verify.dll
0x0000000073fe0000 - 0x0000000074009000 	C:\Program Files\Java\jdk1.8.0_101\jre\bin\java.dll
0x0000000073fc0000 - 0x0000000073fd6000 	C:\Program Files\Java\jdk1.8.0_101\jre\bin\zip.dll

VM Arguments:
jvm_args: -Djava.awt.headless=true -Xmx1024M -Dfile.encoding=windows-1252 -Duser.country=US -Duser.language=en -Duser.variant 
java_command: com.android.dx.command.Main --dex --force-jumbo --num-threads=4 --multi-dex --output D:\mahatrain\app\build\intermediates\transforms\dex\debug\folders\1000\10\instant-run_f6ad401b9e8095b9b18b247bad23df849e76995d D:\mahatrain\app\build\intermediates\incremental-runtime-classes\debug\instant-run.jar
java_class_path (initial): D:\android\sdk\build-tools\23.0.3\lib\dx.jar
Launcher Type: SUN_STANDARD

Environment Variables:
PATH=C:\Program Files\Java\jre1.8.0_102;C:\Program Files (x86)\Skype\Phone\;C:\Program Files\Java\jdk1.8.0_101\bin
USERNAME=Smktelkom
OS=Windows_NT
PROCESSOR_IDENTIFIER=Intel64 Family 6 Model 69 Stepping 1, GenuineIntel



---------------  S Y S T E M  ---------------

OS: Windows 8.1 , 64 bit Build 9600 (6.3.9600.17415)

CPU:total 4 (2 cores per cpu, 2 threads per core) family 6 model 69 stepping 1, cmov, cx8, fxsr, mmx, sse, sse2, sse3, ssse3, sse4.1, sse4.2, popcnt, avx, avx2, aes, clmul, erms, lzcnt, ht, tsc, tscinvbit, bmi1, bmi2

Memory: 4k page, physical 4074560k(745500k free), swap 4074560k(28340k free)

vm_info: Java HotSpot(TM) 64-Bit Server VM (25.101-b13) for windows-amd64 JRE (1.8.0_101-b13), built on Jun 22 2016 01:21:29 by "java_re" with MS VC++ 10.0 (VS2010)

time: Sun Sep 11 22:27:21 2016
elapsed time: 1 seconds (0d 0h 0m 1s)

