#
# There is insufficient memory for the Java Runtime Environment to continue.
# Native memory allocation (malloc) failed to allocate 206416 bytes for Chunk::new
# Possible reasons:
#   The system is out of physical RAM or swap space
#   In 32 bit mode, the process size limit was hit
# Possible solutions:
#   Reduce memory load on the system
#   Increase physical memory or swap space
#   Check if swap backing store is full
#   Use 64 bit Java on a 64 bit OS
#   Decrease Java heap size (-Xmx/-Xms)
#   Decrease number of Java threads
#   Decrease Java thread stack sizes (-Xss)
#   Set larger code cache with -XX:ReservedCodeCacheSize=
# This output file may be truncated or incomplete.
#
#  Out of Memory Error (allocation.cpp:390), pid=5860, tid=0x0000000000001a84
#
# JRE version: Java(TM) SE Runtime Environment (8.0_101-b13) (build 1.8.0_101-b13)
# Java VM: Java HotSpot(TM) 64-Bit Server VM (25.101-b13 mixed mode windows-amd64 compressed oops)
# Failed to write core dump. Minidumps are not enabled by default on client versions of Windows
#

---------------  T H R E A D  ---------------

Current thread (0x0000000015197000):  JavaThread "C2 CompilerThread1" daemon [_thread_in_native, id=6788, stack(0x0000000016870000,0x0000000016970000)]

Stack: [0x0000000016870000,0x0000000016970000]
[error occurred during error reporting (printing stack bounds), id 0xc0000005]

Native frames: (J=compiled Java code, j=interpreted, Vv=VM code, C=native code)


Current CompileTask:
C2:   3537 1035       4       com.android.dx.ssa.SCCP::simulatePhi (169 bytes)


---------------  P R O C E S S  ---------------

Java Threads: ( => current thread )
  0x0000000016be3800 JavaThread "pool-2-thread-4" [_thread_in_Java, id=8840, stack(0x0000000017470000,0x0000000017570000)]
  0x0000000016bdd800 JavaThread "pool-2-thread-3" [_thread_blocked, id=8556, stack(0x0000000017370000,0x0000000017470000)]
  0x0000000016bdc000 JavaThread "pool-2-thread-2" [_thread_blocked, id=8804, stack(0x0000000017270000,0x0000000017370000)]
  0x0000000016bd3000 JavaThread "pool-3-thread-1" [_thread_blocked, id=7776, stack(0x0000000017170000,0x0000000017270000)]
  0x0000000016bd2000 JavaThread "pool-2-thread-1" [_thread_in_Java, id=5296, stack(0x0000000017070000,0x0000000017170000)]
  0x0000000016a74800 JavaThread "Service Thread" daemon [_thread_blocked, id=9024, stack(0x0000000016e70000,0x0000000016f70000)]
  0x000000001519d800 JavaThread "C1 CompilerThread2" daemon [_thread_in_vm, id=8288, stack(0x0000000016970000,0x0000000016a70000)]
=>0x0000000015197000 JavaThread "C2 CompilerThread1" daemon [_thread_in_native, id=6788, stack(0x0000000016870000,0x0000000016970000)]
  0x000000001513d800 JavaThread "C2 CompilerThread0" daemon [_thread_in_native, id=5648, stack(0x0000000016770000,0x0000000016870000)]
  0x000000001513c000 JavaThread "Attach Listener" daemon [_thread_blocked, id=8284, stack(0x0000000016670000,0x0000000016770000)]
  0x0000000015138800 JavaThread "Signal Dispatcher" daemon [_thread_blocked, id=7788, stack(0x0000000016570000,0x0000000016670000)]
  0x000000001512a000 JavaThread "Finalizer" daemon [_thread_blocked, id=9052, stack(0x0000000016390000,0x0000000016490000)]
  0x0000000002a5f000 JavaThread "Reference Handler" daemon [_thread_blocked, id=5544, stack(0x0000000016290000,0x0000000016390000)]
  0x0000000002970800 JavaThread "main" [_thread_in_Java, id=5796, stack(0x0000000002790000,0x0000000002890000)]

Other Threads:
  0x0000000015107800 VMThread [stack: 0x0000000016190000,0x0000000016290000] [id=8872]
  0x0000000016a89800 WatcherThread [stack: 0x0000000016f70000,0x0000000017070000] [id=5632]

VM state:not at safepoint (normal execution)

VM Mutex/Monitor currently owned by a thread: None

Heap:
 PSYoungGen      total 35328K, used 8625K [0x00000000eab00000, 0x00000000ed000000, 0x0000000100000000)
  eden space 32768K, 18% used [0x00000000eab00000,0x00000000eb0f1fd8,0x00000000ecb00000)
  from space 2560K, 99% used [0x00000000ecd80000,0x00000000ecffa5f0,0x00000000ed000000)
  to   space 2560K, 0% used [0x00000000ecb00000,0x00000000ecb00000,0x00000000ecd80000)
 ParOldGen       total 44032K, used 4363K [0x00000000c0000000, 0x00000000c2b00000, 0x00000000eab00000)
  object space 44032K, 9% used [0x00000000c0000000,0x00000000c0442cb0,0x00000000c2b00000)
 Metaspace       used 5983K, capacity 6900K, committed 7040K, reserved 1056768K
  class space    used 598K, capacity 620K, committed 640K, reserved 1048576K

Card table byte_map: [0x0000000011e30000,0x0000000012040000] byte_map_base: 0x0000000011830000

Marking Bits: (ParMarkBitMap*) 0x0000000062fda6d0
 Begin Bits: [0x00000000125a0000, 0x00000000135a0000)
 End Bits:   [0x00000000135a0000, 0x00000000145a0000)

Polling page: 0x0000000000f50000

CodeCache: size=245760Kb used=4759Kb max_used=4759Kb free=241000Kb
 bounds [0x0000000002a70000, 0x0000000002f20000, 0x0000000011a70000]
 total_blobs=1466 nmethods=1196 adapters=182
 compilation: enabled

Compilation events (10 events):
Event: 3.273 Thread 0x000000001513d800 nmethod 1076 0x0000000002e96090 code [0x0000000002e96220, 0x0000000002e96888]
Event: 3.273 Thread 0x000000001513d800 1079       4       com.android.dx.ssa.SsaMethod$1::visitNonMoveInsn (26 bytes)
Event: 3.274 Thread 0x000000001513d800 nmethod 1079 0x0000000002e92fd0 code [0x0000000002e93120, 0x0000000002e93218]
Event: 3.274 Thread 0x000000001513d800 1078       4       com.android.dx.ssa.SsaMethod$2::visitNonMoveInsn (6 bytes)
Event: 3.275 Thread 0x000000001513d800 nmethod 1078 0x0000000002e70dd0 code [0x0000000002e70f20, 0x0000000002e70fa8]
Event: 3.275 Thread 0x000000001513d800 1082       4       com.android.dx.ssa.SsaMethod::updateOneDefinition (70 bytes)
Event: 3.275 Thread 0x000000001513d800 nmethod 1082 0x0000000002e96f90 code [0x0000000002e970c0, 0x0000000002e97138]
Event: 3.275 Thread 0x000000001513d800 1041       4       com.android.dx.rop.code.Rop::isCommutative (60 bytes)
Event: 3.276 Thread 0x000000001513d800 nmethod 1041 0x0000000002e971d0 code [0x0000000002e97300, 0x0000000002e97398]
Event: 3.280 Thread 0x000000001519d800 nmethod 1068 0x0000000002e97410 code [0x0000000002e98300, 0x0000000002ea3f28]

GC Heap History (2 events):
Event: 2.866 GC heap before
{Heap before GC invocations=1 (full 0):
 PSYoungGen      total 18944K, used 16384K [0x00000000eab00000, 0x00000000ec000000, 0x0000000100000000)
  eden space 16384K, 100% used [0x00000000eab00000,0x00000000ebb00000,0x00000000ebb00000)
  from space 2560K, 0% used [0x00000000ebd80000,0x00000000ebd80000,0x00000000ec000000)
  to   space 2560K, 0% used [0x00000000ebb00000,0x00000000ebb00000,0x00000000ebd80000)
 ParOldGen       total 44032K, used 0K [0x00000000c0000000, 0x00000000c2b00000, 0x00000000eab00000)
  object space 44032K, 0% used [0x00000000c0000000,0x00000000c0000000,0x00000000c2b00000)
 Metaspace       used 5756K, capacity 6704K, committed 6784K, reserved 1056768K
  class space    used 595K, capacity 616K, committed 640K, reserved 1048576K
Event: 2.940 GC heap after
Heap after GC invocations=1 (full 0):
 PSYoungGen      total 18944K, used 2537K [0x00000000eab00000, 0x00000000ed000000, 0x0000000100000000)
  eden space 16384K, 0% used [0x00000000eab00000,0x00000000eab00000,0x00000000ebb00000)
  from space 2560K, 99% used [0x00000000ebb00000,0x00000000ebd7a610,0x00000000ebd80000)
  to   space 2560K, 0% used [0x00000000ecd80000,0x00000000ecd80000,0x00000000ed000000)
 ParOldGen       total 44032K, used 1812K [0x00000000c0000000, 0x00000000c2b00000, 0x00000000eab00000)
  object space 44032K, 4% used [0x00000000c0000000,0x00000000c01c50a0,0x00000000c2b00000)
 Metaspace       used 5756K, capacity 6704K, committed 6784K, reserved 1056768K
  class space    used 595K, capacity 616K, committed 640K, reserved 1048576K
}

Deoptimization events (7 events):
Event: 2.752 Thread 0x0000000016bd2000 Uncommon trap: reason=unstable_if action=reinterpret pc=0x0000000002d4ba84 method=com.android.dx.ssa.SsaRenamer$BlockRenamer.addMapping(ILcom/android/dx/rop/code/RegisterSpec;)V @ 120
Event: 2.752 Thread 0x0000000016bd2000 Uncommon trap: reason=class_check action=maybe_recompile pc=0x0000000002d29ae8 method=com.android.dx.ssa.NormalSsaInsn.accept(Lcom/android/dx/ssa/SsaInsn$Visitor;)V @ 9
Event: 2.752 Thread 0x0000000016bd2000 Uncommon trap: reason=class_check action=maybe_recompile pc=0x0000000002d29ae8 method=com.android.dx.ssa.NormalSsaInsn.accept(Lcom/android/dx/ssa/SsaInsn$Visitor;)V @ 9
Event: 2.752 Thread 0x0000000016bd2000 Uncommon trap: reason=class_check action=maybe_recompile pc=0x0000000002d29ae8 method=com.android.dx.ssa.NormalSsaInsn.accept(Lcom/android/dx/ssa/SsaInsn$Visitor;)V @ 9
Event: 2.753 Thread 0x0000000016bd2000 Uncommon trap: reason=class_check action=maybe_recompile pc=0x0000000002d29ae8 method=com.android.dx.ssa.NormalSsaInsn.accept(Lcom/android/dx/ssa/SsaInsn$Visitor;)V @ 9
Event: 2.753 Thread 0x0000000016bd2000 Uncommon trap: reason=class_check action=maybe_recompile pc=0x0000000002c92af0 method=com.android.dx.ssa.NormalSsaInsn.accept(Lcom/android/dx/ssa/SsaInsn$Visitor;)V @ 9
Event: 2.943 Thread 0x0000000016bd2000 Uncommon trap: reason=null_check action=make_not_entrant pc=0x0000000002d9ff28 method=com.android.dx.rop.type.Type.equals(Ljava/lang/Object;)Z @ 8

Internal exceptions (3 events):
Event: 0.455 Thread 0x0000000002970800 Exception <a 'java/lang/NoSuchMethodError': Method sun.misc.Unsafe.defineClass(Ljava/lang/String;[BII)Ljava/lang/Class; name or signature does not match> (0x00000000eab07cc0) thrown at [C:\re\workspace\8-2-build-windows-amd64-cygwin\jdk8u101\7261\hotspot\s¦zÿš²Ý?
Event: 0.455 Thread 0x0000000002970800 Exception <a 'java/lang/NoSuchMethodError': Method sun.misc.Unsafe.prefetchRead(Ljava/lang/Object;J)V name or signature does not match> (0x00000000eab07fa8) thrown at [C:\re\workspace\8-2-build-windows-amd64-cygwin\jdk8u101\7261\hotspot\src\share\vm\prims\Ö®JF-Œ@
Event: 2.943 Thread 0x0000000016bd2000 Implicit null exception at 0x0000000002d9fe22 to 0x0000000002d9ff1a

Events (10 events):
Event: 2.943 Thread 0x0000000016bd2000 DEOPT PACKING pc=0x0000000002d9ff28 sp=0x000000001716eb10
Event: 2.943 Thread 0x0000000016bd2000 DEOPT UNPACKING pc=0x0000000002ab582a sp=0x000000001716ea98 mode 2
Event: 2.985 loading class java/util/TreeMap$EntrySet
Event: 2.985 loading class java/util/TreeMap$EntrySet done
Event: 2.985 loading class java/util/TreeMap$EntryIterator
Event: 2.985 loading class java/util/TreeMap$EntryIterator done
Event: 2.985 Executing VM operation: Deoptimize
Event: 3.151 Executing VM operation: Deoptimize done
Event: 3.180 loading class java/util/DualPivotQuicksort
Event: 3.180 loading class java/util/DualPivotQuicksort done


Dynamic libraries:
0x00007ff76f1f0000 - 0x00007ff76f227000 	C:\Program Files\Java\jdk1.8.0_101\bin\java.exe
0x00007ffc4eb00000 - 0x00007ffc4ecad000 	C:\Windows\SYSTEM32\ntdll.dll
0x00007ffc4c7d0000 - 0x00007ffc4c90e000 	C:\Windows\system32\KERNEL32.DLL
0x00007ffc4bd50000 - 0x00007ffc4be65000 	C:\Windows\system32\KERNELBASE.dll
0x00007ffc4a790000 - 0x00007ffc4a81e000 	C:\Windows\system32\apphelp.dll
0x00007ffc40aa0000 - 0x00007ffc40af3000 	C:\Windows\AppPatch\AppPatch64\AcGenral.DLL
0x00007ffc4e910000 - 0x00007ffc4e9ba000 	C:\Windows\system32\msvcrt.dll
0x00007ffc4c160000 - 0x00007ffc4c18e000 	C:\Windows\system32\SspiCli.dll
0x00007ffc4c770000 - 0x00007ffc4c7c4000 	C:\Windows\system32\SHLWAPI.dll
0x00007ffc4c430000 - 0x00007ffc4c5a7000 	C:\Windows\system32\USER32.dll
0x00007ffc4c970000 - 0x00007ffc4cb04000 	C:\Windows\system32\ole32.dll
0x00007ffc4cbe0000 - 0x00007ffc4e109000 	C:\Windows\system32\SHELL32.dll
0x00007ffc4b200000 - 0x00007ffc4b221000 	C:\Windows\SYSTEM32\USERENV.dll
0x00007ffc4c380000 - 0x00007ffc4c42a000 	C:\Windows\system32\ADVAPI32.dll
0x00007ffc3ce40000 - 0x00007ffc3ce5e000 	C:\Windows\SYSTEM32\MPR.dll
0x00007ffc4e9c0000 - 0x00007ffc4eb00000 	C:\Windows\system32\RPCRT4.dll
0x00007ffc4e8b0000 - 0x00007ffc4e909000 	C:\Windows\SYSTEM32\sechost.dll
0x00007ffc4e5d0000 - 0x00007ffc4e7e1000 	C:\Windows\SYSTEM32\combase.dll
0x00007ffc4e470000 - 0x00007ffc4e5bf000 	C:\Windows\system32\GDI32.dll
0x00007ffc4bc30000 - 0x00007ffc4bc45000 	C:\Windows\SYSTEM32\profapi.dll
0x00007ffc4a1c0000 - 0x00007ffc4a272000 	C:\Windows\SYSTEM32\SHCORE.dll
0x00007ffc4e860000 - 0x00007ffc4e896000 	C:\Windows\system32\IMM32.DLL
0x00007ffc4c610000 - 0x00007ffc4c762000 	C:\Windows\system32\MSCTF.dll
0x00007ffc494b0000 - 0x00007ffc4972b000 	C:\Windows\WinSxS\amd64_microsoft.windows.common-controls_6595b64144ccf1df_6.0.9600.18006_none_623f33d3ecbe86e8\COMCTL32.dll
0x0000000062680000 - 0x0000000062752000 	C:\Program Files\Java\jdk1.8.0_101\jre\bin\msvcr100.dll
0x00000000627c0000 - 0x000000006305a000 	C:\Program Files\Java\jdk1.8.0_101\jre\bin\server\jvm.dll
0x00007ffc2f770000 - 0x00007ffc2f779000 	C:\Windows\SYSTEM32\WSOCK32.dll
0x00007ffc49b10000 - 0x00007ffc49b32000 	C:\Windows\SYSTEM32\WINMM.dll
0x00007ffc4aca0000 - 0x00007ffc4acaa000 	C:\Windows\SYSTEM32\VERSION.dll
0x00007ffc4c370000 - 0x00007ffc4c377000 	C:\Windows\system32\PSAPI.DLL
0x00007ffc4c5b0000 - 0x00007ffc4c60a000 	C:\Windows\system32\WS2_32.dll
0x00007ffc49480000 - 0x00007ffc494aa000 	C:\Windows\SYSTEM32\WINMMBASE.dll
0x00007ffc4e5c0000 - 0x00007ffc4e5c9000 	C:\Windows\system32\NSI.dll
0x00007ffc4bd00000 - 0x00007ffc4bd4f000 	C:\Windows\SYSTEM32\cfgmgr32.dll
0x00007ffc4aa00000 - 0x00007ffc4aa28000 	C:\Windows\SYSTEM32\DEVOBJ.dll
0x00000000634e0000 - 0x00000000634ef000 	C:\Program Files\Java\jdk1.8.0_101\jre\bin\verify.dll
0x00000000634b0000 - 0x00000000634d9000 	C:\Program Files\Java\jdk1.8.0_101\jre\bin\java.dll
0x0000000063490000 - 0x00000000634a6000 	C:\Program Files\Java\jdk1.8.0_101\jre\bin\zip.dll

VM Arguments:
jvm_args: -Djava.awt.headless=true -Xmx1024M -Dfile.encoding=windows-1252 -Duser.country=US -Duser.language=en -Duser.variant 
java_command: com.android.dx.command.Main --dex --force-jumbo --num-threads=4 --multi-dex --output D:\mahatrain\app\build\intermediates\transforms\dex\debug\folders\1000\10\instant-run_f6ad401b9e8095b9b18b247bad23df849e76995d D:\mahatrain\app\build\intermediates\incremental-runtime-classes\debug\instant-run.jar
java_class_path (initial): D:\android\sdk\build-tools\23.0.3\lib\dx.jar
Launcher Type: SUN_STANDARD

Environment Variables:
PATH=C:\Program Files\Java\jre1.8.0_102;C:\Program Files (x86)\Skype\Phone\;C:\Program Files\Java\jdk1.8.0_101\bin
USERNAME=Smktelkom
OS=Windows_NT
PROCESSOR_IDENTIFIER=Intel64 Family 6 Model 69 Stepping 1, GenuineIntel



---------------  S Y S T E M  ---------------

OS: Windows 8.1 , 64 bit Build 9600 (6.3.9600.17415)

CPU:total 4 (2 cores per cpu, 2 threads per core) family 6 model 69 stepping 1, cmov, cx8, fxsr, mmx, sse, sse2, sse3, ssse3, sse4.1, sse4.2, popcnt, avx, avx2, aes, clmul, erms, lzcnt, ht, tsc, tscinvbit, bmi1, bmi2

Memory: 4k page, physical 4074560k(593872k free), swap 4074560k(4128k free)

vm_info: Java HotSpot(TM) 64-Bit Server VM (25.101-b13) for windows-amd64 JRE (1.8.0_101-b13), built on Jun 22 2016 01:21:29 by "java_re" with MS VC++ 10.0 (VS2010)

time: Sun Sep 11 23:15:56 2016
elapsed time: 3 seconds (0d 0h 0m 3s)

