#
# There is insufficient memory for the Java Runtime Environment to continue.
# Native memory allocation (malloc) failed to allocate 32744 bytes for ChunkPool::allocate
# Possible reasons:
#   The system is out of physical RAM or swap space
#   In 32 bit mode, the process size limit was hit
# Possible solutions:
#   Reduce memory load on the system
#   Increase physical memory or swap space
#   Check if swap backing store is full
#   Use 64 bit Java on a 64 bit OS
#   Decrease Java heap size (-Xmx/-Xms)
#   Decrease number of Java threads
#   Decrease Java thread stack sizes (-Xss)
#   Set larger code cache with -XX:ReservedCodeCacheSize=
# This output file may be truncated or incomplete.
#
#  Out of Memory Error (allocation.cpp:273), pid=816, tid=0x00000000000027e8
#
# JRE version: Java(TM) SE Runtime Environment (8.0_101-b13) (build 1.8.0_101-b13)
# Java VM: Java HotSpot(TM) 64-Bit Server VM (25.101-b13 mixed mode windows-amd64 compressed oops)
# Failed to write core dump. Minidumps are not enabled by default on client versions of Windows
#

---------------  T H R E A D  ---------------

Current thread (0x00000000147c9800):  JavaThread "C2 CompilerThread0" daemon [_thread_in_native, id=10216, stack(0x0000000015df0000,0x0000000015ef0000)]

Stack: [0x0000000015df0000,0x0000000015ef0000]
[error occurred during error reporting (printing stack bounds), id 0xc0000005]

Native frames: (J=compiled Java code, j=interpreted, Vv=VM code, C=native code)


Current CompileTask:
C2:   5201 1962   !   4       com.android.dx.cf.cst.ConstantPoolParser::parse0 (731 bytes)


---------------  P R O C E S S  ---------------

Java Threads: ( => current thread )
  0x0000000016351000 JavaThread "pool-2-thread-4" [_thread_blocked, id=6852, stack(0x0000000016af0000,0x0000000016bf0000)]
  0x0000000016350000 JavaThread "pool-2-thread-3" [_thread_blocked, id=6972, stack(0x00000000169f0000,0x0000000016af0000)]
  0x000000001634f000 JavaThread "pool-2-thread-2" [_thread_blocked, id=5692, stack(0x00000000168f0000,0x00000000169f0000)]
  0x0000000016349000 JavaThread "pool-3-thread-1" [_thread_blocked, id=3448, stack(0x00000000167f0000,0x00000000168f0000)]
  0x00000000163cb800 JavaThread "pool-2-thread-1" [_thread_blocked, id=5792, stack(0x00000000166f0000,0x00000000167f0000)]
  0x00000000160fa800 JavaThread "Service Thread" daemon [_thread_blocked, id=8644, stack(0x00000000164f0000,0x00000000165f0000)]
  0x00000000147c3800 JavaThread "C1 CompilerThread2" daemon [_thread_blocked, id=9720, stack(0x0000000015ff0000,0x00000000160f0000)]
  0x00000000147ba800 JavaThread "C2 CompilerThread1" daemon [_thread_in_native, id=1308, stack(0x0000000015ef0000,0x0000000015ff0000)]
=>0x00000000147c9800 JavaThread "C2 CompilerThread0" daemon [_thread_in_native, id=10216, stack(0x0000000015df0000,0x0000000015ef0000)]
  0x00000000147c6000 JavaThread "Attach Listener" daemon [_thread_blocked, id=7824, stack(0x0000000015cf0000,0x0000000015df0000)]
  0x00000000147c4800 JavaThread "Signal Dispatcher" daemon [_thread_blocked, id=1120, stack(0x0000000015bf0000,0x0000000015cf0000)]
  0x00000000147aa800 JavaThread "Finalizer" daemon [_thread_blocked, id=8496, stack(0x0000000015a10000,0x0000000015b10000)]
  0x000000000200f000 JavaThread "Reference Handler" daemon [_thread_blocked, id=604, stack(0x0000000015910000,0x0000000015a10000)]
  0x0000000001f21000 JavaThread "main" [_thread_blocked, id=8788, stack(0x0000000001dc0000,0x0000000001ec0000)]

Other Threads:
  0x0000000014787800 VMThread [stack: 0x0000000015810000,0x0000000015910000] [id=5156]
  0x000000001610f000 WatcherThread [stack: 0x00000000165f0000,0x00000000166f0000] [id=8508]

VM state:at safepoint (normal execution)

VM Mutex/Monitor currently owned by a thread:  ([mutex/lock_event])
[0x00000000020ec9b0] Threads_lock - owner thread: 0x0000000014787800
[0x00000000020ebeb0] Heap_lock - owner thread: 0x0000000016351000

Heap:
 PSYoungGen      total 143360K, used 141829K [0x00000000eab00000, 0x00000000f4d00000, 0x0000000100000000)
  eden space 128512K, 100% used [0x00000000eab00000,0x00000000f2880000,0x00000000f2880000)
  from space 14848K, 89% used [0x00000000f3980000,0x00000000f4681550,0x00000000f4800000)
  to   space 17408K, 13% used [0x00000000f2880000,0x00000000f2ac5108,0x00000000f3980000)
 ParOldGen       total 44032K, used 23732K [0x00000000c0000000, 0x00000000c2b00000, 0x00000000eab00000)
  object space 44032K, 53% used [0x00000000c0000000,0x00000000c172d330,0x00000000c2b00000)
 Metaspace       used 6542K, capacity 7256K, committed 7424K, reserved 1056768K
  class space    used 624K, capacity 656K, committed 768K, reserved 1048576K

Card table byte_map: [0x00000000114b0000,0x00000000116c0000] byte_map_base: 0x0000000010eb0000

Marking Bits: (ParMarkBitMap*) 0x000000006e52a6d0
 Begin Bits: [0x0000000011c20000, 0x0000000012c20000)
 End Bits:   [0x0000000012c20000, 0x0000000013c20000)

Polling page: 0x0000000000510000

CodeCache: size=245760Kb used=8201Kb max_used=8201Kb free=237558Kb
 bounds [0x00000000020f0000, 0x0000000002900000, 0x00000000110f0000]
 total_blobs=2317 nmethods=2047 adapters=182
 compilation: enabled

Compilation events (10 events):
Event: 5.099 Thread 0x00000000147c3800 2107       2       com.android.dx.cf.direct.AnnotationParser::<init> (69 bytes)
Event: 5.100 Thread 0x00000000147c3800 nmethod 2107 0x00000000028ea710 code [0x00000000028ea8c0, 0x00000000028eade8]
Event: 5.115 Thread 0x00000000147c3800 2109       2       sun.util.calendar.AbstractCalendar::getTime (174 bytes)
Event: 5.116 Thread 0x00000000147c3800 nmethod 2109 0x00000000028e9b50 code [0x00000000028e9d40, 0x00000000028ea328]
Event: 5.126 Thread 0x00000000147c3800 2110 %     3       java.util.HashMap::getNode @ 98 (148 bytes)
Event: 5.127 Thread 0x00000000147c3800 nmethod 2110% 0x00000000028f7d50 code [0x00000000028f7f40, 0x00000000028f8c68]
Event: 5.130 Thread 0x00000000147c3800 2111       3       java.util.HashMap::getNode (148 bytes)
Event: 5.131 Thread 0x00000000147c3800 nmethod 2111 0x00000000028f9110 code [0x00000000028f9300, 0x00000000028f9f68]
Event: 5.189 Thread 0x00000000147c3800 2113       1       com.android.dx.command.dexer.Main::access$1400 (4 bytes)
Event: 5.189 Thread 0x00000000147c3800 nmethod 2113 0x0000000002869810 code [0x0000000002869960, 0x0000000002869a50]

GC Heap History (10 events):
Event: 1.809 GC heap after
Heap after GC invocations=2 (full 0):
 PSYoungGen      total 35328K, used 2535K [0x00000000eab00000, 0x00000000ed000000, 0x0000000100000000)
  eden space 32768K, 0% used [0x00000000eab00000,0x00000000eab00000,0x00000000ecb00000)
  from space 2560K, 99% used [0x00000000ecd80000,0x00000000ecff9e20,0x00000000ed000000)
  to   space 2560K, 0% used [0x00000000ecb00000,0x00000000ecb00000,0x00000000ecd80000)
 ParOldGen       total 44032K, used 2649K [0x00000000c0000000, 0x00000000c2b00000, 0x00000000eab00000)
  object space 44032K, 6% used [0x00000000c0000000,0x00000000c02965f8,0x00000000c2b00000)
 Metaspace       used 5912K, capacity 6832K, committed 7040K, reserved 1056768K
  class space    used 601K, capacity 616K, committed 640K, reserved 1048576K
}
Event: 2.442 GC heap before
{Heap before GC invocations=3 (full 0):
 PSYoungGen      total 35328K, used 35303K [0x00000000eab00000, 0x00000000ed000000, 0x0000000100000000)
  eden space 32768K, 100% used [0x00000000eab00000,0x00000000ecb00000,0x00000000ecb00000)
  from space 2560K, 99% used [0x00000000ecd80000,0x00000000ecff9e20,0x00000000ed000000)
  to   space 2560K, 0% used [0x00000000ecb00000,0x00000000ecb00000,0x00000000ecd80000)
 ParOldGen       total 44032K, used 2649K [0x00000000c0000000, 0x00000000c2b00000, 0x00000000eab00000)
  object space 44032K, 6% used [0x00000000c0000000,0x00000000c02965f8,0x00000000c2b00000)
 Metaspace       used 6136K, capacity 7026K, committed 7296K, reserved 1056768K
  class space    used 603K, capacity 618K, committed 640K, reserved 1048576K
Event: 2.460 GC heap after
Heap after GC invocations=3 (full 0):
 PSYoungGen      total 35328K, used 2529K [0x00000000eab00000, 0x00000000ef000000, 0x0000000100000000)
  eden space 32768K, 0% used [0x00000000eab00000,0x00000000eab00000,0x00000000ecb00000)
  from space 2560K, 98% used [0x00000000ecb00000,0x00000000ecd786e0,0x00000000ecd80000)
  to   space 2560K, 0% used [0x00000000eed80000,0x00000000eed80000,0x00000000ef000000)
 ParOldGen       total 44032K, used 7682K [0x00000000c0000000, 0x00000000c2b00000, 0x00000000eab00000)
  object space 44032K, 17% used [0x00000000c0000000,0x00000000c0780968,0x00000000c2b00000)
 Metaspace       used 6136K, capacity 7026K, committed 7296K, reserved 1056768K
  class space    used 603K, capacity 618K, committed 640K, reserved 1048576K
}
Event: 3.302 GC heap before
{Heap before GC invocations=4 (full 0):
 PSYoungGen      total 35328K, used 35297K [0x00000000eab00000, 0x00000000ef000000, 0x0000000100000000)
  eden space 32768K, 100% used [0x00000000eab00000,0x00000000ecb00000,0x00000000ecb00000)
  from space 2560K, 98% used [0x00000000ecb00000,0x00000000ecd786e0,0x00000000ecd80000)
  to   space 2560K, 0% used [0x00000000eed80000,0x00000000eed80000,0x00000000ef000000)
 ParOldGen       total 44032K, used 7682K [0x00000000c0000000, 0x00000000c2b00000, 0x00000000eab00000)
  object space 44032K, 17% used [0x00000000c0000000,0x00000000c0780968,0x00000000c2b00000)
 Metaspace       used 6189K, capacity 7090K, committed 7296K, reserved 1056768K
  class space    used 603K, capacity 618K, committed 640K, reserved 1048576K
Event: 3.338 GC heap after
Heap after GC invocations=4 (full 0):
 PSYoungGen      total 68096K, used 2529K [0x00000000eab00000, 0x00000000ef000000, 0x0000000100000000)
  eden space 65536K, 0% used [0x00000000eab00000,0x00000000eab00000,0x00000000eeb00000)
  from space 2560K, 98% used [0x00000000eed80000,0x00000000eeff86e0,0x00000000ef000000)
  to   space 2560K, 0% used [0x00000000eeb00000,0x00000000eeb00000,0x00000000eed80000)
 ParOldGen       total 44032K, used 11665K [0x00000000c0000000, 0x00000000c2b00000, 0x00000000eab00000)
  object space 44032K, 26% used [0x00000000c0000000,0x00000000c0b644e8,0x00000000c2b00000)
 Metaspace       used 6189K, capacity 7090K, committed 7296K, reserved 1056768K
  class space    used 603K, capacity 618K, committed 640K, reserved 1048576K
}
Event: 3.802 GC heap before
{Heap before GC invocations=5 (full 0):
 PSYoungGen      total 68096K, used 68065K [0x00000000eab00000, 0x00000000ef000000, 0x0000000100000000)
  eden space 65536K, 100% used [0x00000000eab00000,0x00000000eeb00000,0x00000000eeb00000)
  from space 2560K, 98% used [0x00000000eed80000,0x00000000eeff86e0,0x00000000ef000000)
  to   space 2560K, 0% used [0x00000000eeb00000,0x00000000eeb00000,0x00000000eed80000)
 ParOldGen       total 44032K, used 11665K [0x00000000c0000000, 0x00000000c2b00000, 0x00000000eab00000)
  object space 44032K, 26% used [0x00000000c0000000,0x00000000c0b644e8,0x00000000c2b00000)
 Metaspace       used 6307K, capacity 7154K, committed 7296K, reserved 1056768K
  class space    used 604K, capacity 618K, committed 640K, reserved 1048576K
Event: 3.840 GC heap after
Heap after GC invocations=5 (full 0):
 PSYoungGen      total 68096K, used 2529K [0x00000000eab00000, 0x00000000f4800000, 0x0000000100000000)
  eden space 65536K, 0% used [0x00000000eab00000,0x00000000eab00000,0x00000000eeb00000)
  from space 2560K, 98% used [0x00000000eeb00000,0x00000000eed786e0,0x00000000eed80000)
  to   space 14848K, 0% used [0x00000000f3980000,0x00000000f3980000,0x00000000f4800000)
 ParOldGen       total 44032K, used 22965K [0x00000000c0000000, 0x00000000c2b00000, 0x00000000eab00000)
  object space 44032K, 52% used [0x00000000c0000000,0x00000000c166d7c8,0x00000000c2b00000)
 Metaspace       used 6307K, capacity 7154K, committed 7296K, reserved 1056768K
  class space    used 604K, capacity 618K, committed 640K, reserved 1048576K
}
Event: 4.218 GC heap before
{Heap before GC invocations=6 (full 0):
 PSYoungGen      total 68096K, used 68065K [0x00000000eab00000, 0x00000000f4800000, 0x0000000100000000)
  eden space 65536K, 100% used [0x00000000eab00000,0x00000000eeb00000,0x00000000eeb00000)
  from space 2560K, 98% used [0x00000000eeb00000,0x00000000eed786e0,0x00000000eed80000)
  to   space 14848K, 0% used [0x00000000f3980000,0x00000000f3980000,0x00000000f4800000)
 ParOldGen       total 44032K, used 22965K [0x00000000c0000000, 0x00000000c2b00000, 0x00000000eab00000)
  object space 44032K, 52% used [0x00000000c0000000,0x00000000c166d7c8,0x00000000c2b00000)
 Metaspace       used 6384K, capacity 7154K, committed 7296K, reserved 1056768K
  class space    used 604K, capacity 618K, committed 640K, reserved 1048576K
Event: 4.262 GC heap after
Heap after GC invocations=6 (full 0):
 PSYoungGen      total 143360K, used 13317K [0x00000000eab00000, 0x00000000f4d00000, 0x0000000100000000)
  eden space 128512K, 0% used [0x00000000eab00000,0x00000000eab00000,0x00000000f2880000)
  from space 14848K, 89% used [0x00000000f3980000,0x00000000f4681550,0x00000000f4800000)
  to   space 17408K, 0% used [0x00000000f2880000,0x00000000f2880000,0x00000000f3980000)
 ParOldGen       total 44032K, used 22965K [0x00000000c0000000, 0x00000000c2b00000, 0x00000000eab00000)
  object space 44032K, 52% used [0x00000000c0000000,0x00000000c166d7c8,0x00000000c2b00000)
 Metaspace       used 6384K, capacity 7154K, committed 7296K, reserved 1056768K
  class space    used 604K, capacity 618K, committed 640K, reserved 1048576K
}
Event: 5.196 GC heap before
{Heap before GC invocations=7 (full 0):
 PSYoungGen      total 143360K, used 141829K [0x00000000eab00000, 0x00000000f4d00000, 0x0000000100000000)
  eden space 128512K, 100% used [0x00000000eab00000,0x00000000f2880000,0x00000000f2880000)
  from space 14848K, 89% used [0x00000000f3980000,0x00000000f4681550,0x00000000f4800000)
  to   space 17408K, 0% used [0x00000000f2880000,0x00000000f2880000,0x00000000f3980000)
 ParOldGen       total 44032K, used 22965K [0x00000000c0000000, 0x00000000c2b00000, 0x00000000eab00000)
  object space 44032K, 52% used [0x00000000c0000000,0x00000000c166d7c8,0x00000000c2b00000)
 Metaspace       used 6542K, capacity 7256K, committed 7424K, reserved 1056768K
  class space    used 624K, capacity 656K, committed 768K, reserved 1048576K

Deoptimization events (10 events):
Event: 3.940 Thread 0x0000000016351000 Uncommon trap: reason=class_check action=maybe_recompile pc=0x0000000002565584 method=java.util.HashMap.putVal(ILjava/lang/Object;Ljava/lang/Object;ZZ)Ljava/lang/Object; @ 203
Event: 4.041 Thread 0x0000000016351000 Uncommon trap: reason=uninitialized action=reinterpret pc=0x00000000027ebe78 method=com.android.dx.cf.code.BytecodeArray.parseInstruction(ILcom/android/dx/cf/code/BytecodeArray$Visitor;)I @ 1079
Event: 4.182 Thread 0x000000001634f000 Uncommon trap: reason=unstable_if action=reinterpret pc=0x00000000026eb818 method=com.android.dx.rop.code.LocalItem.compareHandlesNulls(Lcom/android/dx/rop/cst/CstString;Lcom/android/dx/rop/cst/CstString;)I @ 14
Event: 4.361 Thread 0x0000000016350000 Uncommon trap: reason=null_check action=make_not_entrant pc=0x000000000289123c method=com.android.dx.cf.code.Ropper$CatchInfo.getSetup(Lcom/android/dx/rop/type/Type;)Lcom/android/dx/cf/code/Ropper$ExceptionHandlerSetup; @ 10
Event: 4.557 Thread 0x000000001634f000 Uncommon trap: reason=unstable_if action=reinterpret pc=0x00000000023fa0ac method=java.util.HashMap.putVal(ILjava/lang/Object;Ljava/lang/Object;ZZ)Ljava/lang/Object; @ 162
Event: 4.561 Thread 0x000000001634f000 Uncommon trap: reason=unstable_if action=reinterpret pc=0x00000000027dc384 method=java.util.HashMap.getNode(ILjava/lang/Object;)Ljava/util/HashMap$Node; @ 84
Event: 4.677 Thread 0x0000000016351000 Uncommon trap: reason=unstable_if action=reinterpret pc=0x00000000026c8494 method=com.android.dx.ssa.MoveParamCombiner$1.visitNonMoveInsn(Lcom/android/dx/ssa/NormalSsaInsn;)V @ 27
Event: 4.719 Thread 0x00000000163cb800 Uncommon trap: reason=bimorphic action=maybe_recompile pc=0x000000000271828c method=com.android.dx.ssa.LiteralOpUpgrader.tryReplacingWithConstant(Lcom/android/dx/ssa/NormalSsaInsn;)Z @ 62
Event: 4.725 Thread 0x00000000163cb800 Uncommon trap: reason=bimorphic action=maybe_recompile pc=0x000000000271828c method=com.android.dx.ssa.LiteralOpUpgrader.tryReplacingWithConstant(Lcom/android/dx/ssa/NormalSsaInsn;)Z @ 62
Event: 4.948 Thread 0x00000000163cb800 Uncommon trap: reason=unstable_if action=reinterpret pc=0x00000000028814ac method=java.util.HashMap.putVal(ILjava/lang/Object;Ljava/lang/Object;ZZ)Ljava/lang/Object; @ 109

Internal exceptions (8 events):
Event: 0.115 Thread 0x0000000001f21000 Exception <a 'java/lang/NoSuchMethodError': Method sun.misc.Unsafe.defineClass(Ljava/lang/String;[BII)Ljava/lang/Class; name or signature does not match> (0x00000000eab07cc0) thrown at [C:\re\workspace\8-2-build-windows-amd64-cygwin\jdk8u101\7261\hotspot\s¬cïNÒÅΩ?
Event: 0.115 Thread 0x0000000001f21000 Exception <a 'java/lang/NoSuchMethodError': Method sun.misc.Unsafe.prefetchRead(Ljava/lang/Object;J)V name or signature does not match> (0x00000000eab07fa8) thrown at [C:\re\workspace\8-2-build-windows-amd64-cygwin\jdk8u101\7261\hotspot\src\share\vm\prims\©]!åQ√˙?
Event: 1.673 Thread 0x00000000163cb800 Implicit null exception at 0x000000000243eae2 to 0x000000000243ebe9
Event: 4.182 Thread 0x000000001634f000 Implicit null exception at 0x00000000026ea149 to 0x00000000026eb7e9
Event: 4.361 Thread 0x0000000016350000 Implicit null exception at 0x000000000288c90c to 0x00000000028911fd
Event: 4.559 Thread 0x000000001634f000 Exception <a 'java/lang/ArrayIndexOutOfBoundsException': 18> (0x00000000edbc4050) thrown at [C:\re\workspace\8-2-build-windows-amd64-cygwin\jdk8u101\7261\hotspot\src\share\vm\interpreter\interpreterRuntime.cpp, line 366]
Event: 4.559 Thread 0x000000001634f000 Exception <a 'java/lang/ArrayIndexOutOfBoundsException'> (0x00000000edbc5bd0) thrown at [C:\re\workspace\8-2-build-windows-amd64-cygwin\jdk8u101\7261\hotspot\src\share\vm\runtime\sharedRuntime.cpp, line 605]
Event: 4.560 Thread 0x000000001634f000 Exception <a 'java/lang/ArrayIndexOutOfBoundsException'> (0x00000000edbc6eb8) thrown at [C:\re\workspace\8-2-build-windows-amd64-cygwin\jdk8u101\7261\hotspot\src\share\vm\runtime\sharedRuntime.cpp, line 605]

Events (10 events):
Event: 4.719 Thread 0x00000000163cb800 DEOPT UNPACKING pc=0x000000000213582a sp=0x00000000167ee9a0 mode 2
Event: 4.725 Thread 0x00000000163cb800 Uncommon trap: trap_request=0xffffffc6 fr.pc=0x000000000271828c
Event: 4.725 Thread 0x00000000163cb800 DEOPT PACKING pc=0x000000000271828c sp=0x00000000167ee950
Event: 4.725 Thread 0x00000000163cb800 DEOPT UNPACKING pc=0x000000000213582a sp=0x00000000167ee8f0 mode 2
Event: 4.846 Thread 0x0000000001f21000 DEOPT PACKING pc=0x000000000279af28 sp=0x0000000001ebed20
Event: 4.846 Thread 0x0000000001f21000 DEOPT UNPACKING pc=0x000000000213787f sp=0x0000000001ebea20 mode 0
Event: 4.948 Thread 0x00000000163cb800 Uncommon trap: trap_request=0xffffff65 fr.pc=0x00000000028814ac
Event: 4.948 Thread 0x00000000163cb800 DEOPT PACKING pc=0x00000000028814ac sp=0x00000000167ee910
Event: 4.948 Thread 0x00000000163cb800 DEOPT UNPACKING pc=0x000000000213582a sp=0x00000000167ee8a0 mode 2
Event: 5.196 Executing VM operation: ParallelGCFailedAllocation


Dynamic libraries:
0x00007ff7b90b0000 - 0x00007ff7b90e7000 	C:\Program Files\Java\jdk1.8.0_101\bin\java.exe
0x00007ffefe4e0000 - 0x00007ffefe68d000 	C:\Windows\SYSTEM32\ntdll.dll
0x00007ffefdd90000 - 0x00007ffefdece000 	C:\Windows\system32\KERNEL32.DLL
0x00007ffefb730000 - 0x00007ffefb845000 	C:\Windows\system32\KERNELBASE.dll
0x00007ffefa0b0000 - 0x00007ffefa13e000 	C:\Windows\system32\apphelp.dll
0x00007ffee2e80000 - 0x00007ffee2ed3000 	C:\Windows\AppPatch\AppPatch64\AcGenral.DLL
0x00007ffefd870000 - 0x00007ffefd91a000 	C:\Windows\system32\msvcrt.dll
0x00007ffefba30000 - 0x00007ffefba5e000 	C:\Windows\system32\SspiCli.dll
0x00007ffefded0000 - 0x00007ffefdf24000 	C:\Windows\system32\SHLWAPI.dll
0x00007ffefe1f0000 - 0x00007ffefe367000 	C:\Windows\system32\USER32.dll
0x00007ffefbbd0000 - 0x00007ffefbd64000 	C:\Windows\system32\ole32.dll
0x00007ffefc340000 - 0x00007ffefd869000 	C:\Windows\system32\SHELL32.dll
0x00007ffefabe0000 - 0x00007ffefac01000 	C:\Windows\SYSTEM32\USERENV.dll
0x00007ffefd920000 - 0x00007ffefd9ca000 	C:\Windows\system32\ADVAPI32.dll
0x00007ffef0530000 - 0x00007ffef054e000 	C:\Windows\SYSTEM32\MPR.dll
0x00007ffefc030000 - 0x00007ffefc170000 	C:\Windows\system32\RPCRT4.dll
0x00007ffefdcd0000 - 0x00007ffefdd29000 	C:\Windows\SYSTEM32\sechost.dll
0x00007ffefd9e0000 - 0x00007ffefdbf1000 	C:\Windows\SYSTEM32\combase.dll
0x00007ffefc180000 - 0x00007ffefc2cf000 	C:\Windows\system32\GDI32.dll
0x00007ffefb610000 - 0x00007ffefb625000 	C:\Windows\SYSTEM32\profapi.dll
0x00007ffefa140000 - 0x00007ffefa1f2000 	C:\Windows\SYSTEM32\SHCORE.dll
0x00007ffefbd70000 - 0x00007ffefbda6000 	C:\Windows\system32\IMM32.DLL
0x00007ffefe370000 - 0x00007ffefe4c2000 	C:\Windows\system32\MSCTF.dll
0x00007ffef9480000 - 0x00007ffef96fb000 	C:\Windows\WinSxS\amd64_microsoft.windows.common-controls_6595b64144ccf1df_6.0.9600.18006_none_623f33d3ecbe86e8\COMCTL32.dll
0x000000006d880000 - 0x000000006d952000 	C:\Program Files\Java\jdk1.8.0_101\jre\bin\msvcr100.dll
0x000000006dd10000 - 0x000000006e5aa000 	C:\Program Files\Java\jdk1.8.0_101\jre\bin\server\jvm.dll
0x00007ffef0b70000 - 0x00007ffef0b79000 	C:\Windows\SYSTEM32\WSOCK32.dll
0x00007ffef9700000 - 0x00007ffef9722000 	C:\Windows\SYSTEM32\WINMM.dll
0x00007ffefa680000 - 0x00007ffefa68a000 	C:\Windows\SYSTEM32\VERSION.dll
0x00007ffefe4d0000 - 0x00007ffefe4d7000 	C:\Windows\system32\PSAPI.DLL
0x00007ffefdd30000 - 0x00007ffefdd8a000 	C:\Windows\system32\WS2_32.dll
0x00007ffef9240000 - 0x00007ffef926a000 	C:\Windows\SYSTEM32\WINMMBASE.dll
0x00007ffefd9d0000 - 0x00007ffefd9d9000 	C:\Windows\system32\NSI.dll
0x00007ffefb6e0000 - 0x00007ffefb72f000 	C:\Windows\SYSTEM32\cfgmgr32.dll
0x00007ffefa3f0000 - 0x00007ffefa418000 	C:\Windows\SYSTEM32\DEVOBJ.dll
0x000000006dd00000 - 0x000000006dd0f000 	C:\Program Files\Java\jdk1.8.0_101\jre\bin\verify.dll
0x000000006dcd0000 - 0x000000006dcf9000 	C:\Program Files\Java\jdk1.8.0_101\jre\bin\java.dll
0x000000006dcb0000 - 0x000000006dcc6000 	C:\Program Files\Java\jdk1.8.0_101\jre\bin\zip.dll

VM Arguments:
jvm_args: -Djava.awt.headless=true -Xmx1024M -Dfile.encoding=windows-1252 -Duser.country=US -Duser.language=en -Duser.variant 
java_command: com.android.dx.command.Main --dex --force-jumbo --num-threads=4 --multi-dex --output D:\mahatrain\app\build\intermediates\transforms\dex\debug\folders\1000\10\com.android.support-support-v4-23.3.0_3f6d49ad1059592ab4845e779068a10455cf7c81 D:\mahatrain\app\build\intermediates\exploded-aar\com.android.support\support-v4\23.3.0\jars\classes.jar
java_class_path (initial): D:\android\sdk\build-tools\23.0.3\lib\dx.jar
Launcher Type: SUN_STANDARD

Environment Variables:
PATH=C:\ProgramData\Oracle\Java\javapath;C:\Program Files\Java\jre1.8.0_102;C:\Program Files (x86)\Skype\Phone\;C:\Program Files\Java\jdk1.8.0_101\bin
USERNAME=Smktelkom
OS=Windows_NT
PROCESSOR_IDENTIFIER=Intel64 Family 6 Model 69 Stepping 1, GenuineIntel



---------------  S Y S T E M  ---------------

OS: Windows 8.1 , 64 bit Build 9600 (6.3.9600.17415)

CPU:total 4 (2 cores per cpu, 2 threads per core) family 6 model 69 stepping 1, cmov, cx8, fxsr, mmx, sse, sse2, sse3, ssse3, sse4.1, sse4.2, popcnt, avx, avx2, aes, clmul, erms, lzcnt, ht, tsc, tscinvbit, bmi1, bmi2

Memory: 4k page, physical 4074560k(738924k free), swap 4074560k(4672k free)

vm_info: Java HotSpot(TM) 64-Bit Server VM (25.101-b13) for windows-amd64 JRE (1.8.0_101-b13), built on Jun 22 2016 01:21:29 by "java_re" with MS VC++ 10.0 (VS2010)

time: Tue Sep 13 06:36:45 2016
elapsed time: 5 seconds (0d 0h 0m 5s)

