#
# There is insufficient memory for the Java Runtime Environment to continue.
# Native memory allocation (malloc) failed to allocate 198656 bytes for Chunk::new
# Possible reasons:
#   The system is out of physical RAM or swap space
#   In 32 bit mode, the process size limit was hit
# Possible solutions:
#   Reduce memory load on the system
#   Increase physical memory or swap space
#   Check if swap backing store is full
#   Use 64 bit Java on a 64 bit OS
#   Decrease Java heap size (-Xmx/-Xms)
#   Decrease number of Java threads
#   Decrease Java thread stack sizes (-Xss)
#   Set larger code cache with -XX:ReservedCodeCacheSize=
# This output file may be truncated or incomplete.
#
#  Out of Memory Error (allocation.cpp:390), pid=948, tid=0x000000000000207c
#
# JRE version: Java(TM) SE Runtime Environment (8.0_101-b13) (build 1.8.0_101-b13)
# Java VM: Java HotSpot(TM) 64-Bit Server VM (25.101-b13 mixed mode windows-amd64 compressed oops)
# Failed to write core dump. Minidumps are not enabled by default on client versions of Windows
#

---------------  T H R E A D  ---------------

Current thread (0x00000000153c8800):  JavaThread "C2 CompilerThread1" daemon [_thread_in_native, id=8316, stack(0x0000000016aa0000,0x0000000016ba0000)]

Stack: [0x0000000016aa0000,0x0000000016ba0000]
[error occurred during error reporting (printing stack bounds), id 0xc0000005]

Native frames: (J=compiled Java code, j=interpreted, Vv=VM code, C=native code)


Current CompileTask:
C2:   3752 1099   !   4       com.android.dx.rop.code.RegisterSpec::intern (70 bytes)


---------------  P R O C E S S  ---------------

Java Threads: ( => current thread )
  0x0000000016f0f000 JavaThread "pool-2-thread-3" [_thread_in_Java, id=9088, stack(0x00000000175a0000,0x00000000176a0000)]
  0x0000000016deb000 JavaThread "pool-3-thread-1" [_thread_blocked, id=2276, stack(0x00000000173a0000,0x00000000174a0000)]
  0x00000000153cd000 JavaThread "Service Thread" daemon [_thread_blocked, id=9980, stack(0x00000000170a0000,0x00000000171a0000)]
  0x00000000153cb000 JavaThread "C1 CompilerThread2" daemon [_thread_blocked, id=7876, stack(0x0000000016ba0000,0x0000000016ca0000)]
=>0x00000000153c8800 JavaThread "C2 CompilerThread1" daemon [_thread_in_native, id=8316, stack(0x0000000016aa0000,0x0000000016ba0000)]
  0x000000001536e000 JavaThread "C2 CompilerThread0" daemon [_thread_in_native, id=6352, stack(0x00000000169a0000,0x0000000016aa0000)]
  0x000000001536a800 JavaThread "Attach Listener" daemon [_thread_blocked, id=3956, stack(0x00000000168a0000,0x00000000169a0000)]
  0x000000001536a000 JavaThread "Signal Dispatcher" daemon [_thread_blocked, id=5060, stack(0x00000000167a0000,0x00000000168a0000)]
  0x000000001535a000 JavaThread "Finalizer" daemon [_thread_blocked, id=5424, stack(0x00000000165c0000,0x00000000166c0000)]
  0x0000000015338800 JavaThread "Reference Handler" daemon [_thread_blocked, id=4384, stack(0x00000000164c0000,0x00000000165c0000)]
  0x0000000002ba1000 JavaThread "main" [_thread_blocked, id=8348, stack(0x0000000002aa0000,0x0000000002ba0000)]

Other Threads:
  0x0000000015337800 VMThread [stack: 0x00000000163c0000,0x00000000164c0000] [id=5052]
  0x00000000153ce800 WatcherThread [stack: 0x00000000171a0000,0x00000000172a0000] [id=7400]

VM state:not at safepoint (normal execution)

VM Mutex/Monitor currently owned by a thread: None

Heap:
 PSYoungGen      total 18944K, used 13471K [0x00000000eab00000, 0x00000000ec000000, 0x0000000100000000)
  eden space 16384K, 66% used [0x00000000eab00000,0x00000000eb5ac2a8,0x00000000ebb00000)
  from space 2560K, 99% used [0x00000000ebb00000,0x00000000ebd7b988,0x00000000ebd80000)
  to   space 2560K, 0% used [0x00000000ebd80000,0x00000000ebd80000,0x00000000ec000000)
 ParOldGen       total 44032K, used 1996K [0x00000000c0000000, 0x00000000c2b00000, 0x00000000eab00000)
  object space 44032K, 4% used [0x00000000c0000000,0x00000000c01f3380,0x00000000c2b00000)
 Metaspace       used 5746K, capacity 6832K, committed 7040K, reserved 1056768K
  class space    used 580K, capacity 616K, committed 640K, reserved 1048576K

Card table byte_map: [0x0000000012060000,0x0000000012270000] byte_map_base: 0x0000000011a60000

Marking Bits: (ParMarkBitMap*) 0x000000006e52a6d0
 Begin Bits: [0x00000000127d0000, 0x00000000137d0000)
 End Bits:   [0x00000000137d0000, 0x00000000147d0000)

Polling page: 0x0000000001200000

CodeCache: size=245760Kb used=4446Kb max_used=4457Kb free=241313Kb
 bounds [0x0000000002ca0000, 0x0000000003100000, 0x0000000011ca0000]
 total_blobs=1372 nmethods=1107 adapters=178
 compilation: enabled

Compilation events (10 events):
Event: 3.734 Thread 0x00000000153cb000 1108       3       com.android.dx.rop.type.Type::<init> (84 bytes)
Event: 3.735 Thread 0x00000000153cb000 nmethod 1108 0x00000000030f90d0 code [0x00000000030f9280, 0x00000000030f97a8]
Event: 3.735 Thread 0x00000000153cb000 1109   !   3       com.android.dx.rop.type.Type::putIntern (50 bytes)
Event: 3.736 Thread 0x00000000153cb000 nmethod 1109 0x00000000030f7ed0 code [0x00000000030f80c0, 0x00000000030f8b98]
Event: 3.738 Thread 0x00000000153cb000 1110       3       com.android.dx.rop.type.Type::getInitializedType (42 bytes)
Event: 3.739 Thread 0x00000000153cb000 nmethod 1110 0x00000000030f7190 code [0x00000000030f7360, 0x00000000030f7b78]
Event: 3.742 Thread 0x00000000153c8800 nmethod 1100 0x00000000030fdf10 code [0x00000000030fe080, 0x00000000030fe838]
Event: 3.742 Thread 0x00000000153c8800 1099   !   4       com.android.dx.rop.code.RegisterSpec::intern (70 bytes)
Event: 3.749 Thread 0x00000000153cb000 1111       3       java.lang.String::<init> (15 bytes)
Event: 3.750 Thread 0x00000000153cb000 nmethod 1111 0x00000000030ee150 code [0x00000000030ee2e0, 0x00000000030ee6c8]

GC Heap History (2 events):
Event: 3.536 GC heap before
{Heap before GC invocations=1 (full 0):
 PSYoungGen      total 18944K, used 16383K [0x00000000eab00000, 0x00000000ec000000, 0x0000000100000000)
  eden space 16384K, 99% used [0x00000000eab00000,0x00000000ebafffe8,0x00000000ebb00000)
  from space 2560K, 0% used [0x00000000ebd80000,0x00000000ebd80000,0x00000000ec000000)
  to   space 2560K, 0% used [0x00000000ebb00000,0x00000000ebb00000,0x00000000ebd80000)
 ParOldGen       total 44032K, used 0K [0x00000000c0000000, 0x00000000c2b00000, 0x00000000eab00000)
  object space 44032K, 0% used [0x00000000c0000000,0x00000000c0000000,0x00000000c2b00000)
 Metaspace       used 5642K, capacity 6768K, committed 7040K, reserved 1056768K
  class space    used 578K, capacity 616K, committed 640K, reserved 1048576K
Event: 3.548 GC heap after
Heap after GC invocations=1 (full 0):
 PSYoungGen      total 18944K, used 2542K [0x00000000eab00000, 0x00000000ec000000, 0x0000000100000000)
  eden space 16384K, 0% used [0x00000000eab00000,0x00000000eab00000,0x00000000ebb00000)
  from space 2560K, 99% used [0x00000000ebb00000,0x00000000ebd7b988,0x00000000ebd80000)
  to   space 2560K, 0% used [0x00000000ebd80000,0x00000000ebd80000,0x00000000ec000000)
 ParOldGen       total 44032K, used 1996K [0x00000000c0000000, 0x00000000c2b00000, 0x00000000eab00000)
  object space 44032K, 4% used [0x00000000c0000000,0x00000000c01f3380,0x00000000c2b00000)
 Metaspace       used 5642K, capacity 6768K, committed 7040K, reserved 1056768K
  class space    used 578K, capacity 616K, committed 640K, reserved 1048576K
}

Deoptimization events (6 events):
Event: 3.365 Thread 0x0000000016f10000 Uncommon trap: reason=unstable_if action=reinterpret pc=0x0000000002e95f1c method=java.util.HashMap.getNode(ILjava/lang/Object;)Ljava/util/HashMap$Node; @ 129
Event: 3.384 Thread 0x0000000016e00000 Uncommon trap: reason=unstable_if action=reinterpret pc=0x0000000002f824f0 method=java.util.BitSet.ensureCapacity(I)V @ 6
Event: 3.394 Thread 0x0000000016f0f000 Uncommon trap: reason=unstable_if action=reinterpret pc=0x0000000002f30f78 method=java.util.BitSet.ensureCapacity(I)V @ 6
Event: 3.669 Thread 0x0000000016dea800 Uncommon trap: reason=unstable_if action=reinterpret pc=0x0000000002fdb868 method=com.android.dx.rop.code.RegisterSpec.equals(ILcom/android/dx/rop/type/TypeBearer;Lcom/android/dx/rop/code/LocalItem;)Z @ 16
Event: 3.669 Thread 0x0000000016dea800 Uncommon trap: reason=unstable_if action=reinterpret pc=0x0000000002ffd64c method=com.android.dx.rop.code.RegisterSpec.equals(ILcom/android/dx/rop/type/TypeBearer;Lcom/android/dx/rop/code/LocalItem;)Z @ 16
Event: 3.670 Thread 0x0000000016dea800 Uncommon trap: reason=unstable_if action=reinterpret pc=0x0000000002f33400 method=java.util.HashMap.getNode(ILjava/lang/Object;)Ljava/util/HashMap$Node; @ 129

Internal exceptions (2 events):
Event: 0.581 Thread 0x0000000002ba1000 Exception <a 'java/lang/NoSuchMethodError': Method sun.misc.Unsafe.defineClass(Ljava/lang/String;[BII)Ljava/lang/Class; name or signature does not match> (0x00000000eab07cc0) thrown at [C:\re\workspace\8-2-build-windows-amd64-cygwin\jdk8u101\7261\hotspot\séÇ)
Û•â?
Event: 0.581 Thread 0x0000000002ba1000 Exception <a 'java/lang/NoSuchMethodError': Method sun.misc.Unsafe.prefetchRead(Ljava/lang/Object;J)V name or signature does not match> (0x00000000eab07fa8) thrown at [C:\re\workspace\8-2-build-windows-amd64-cygwin\jdk8u101\7261\hotspot\src\share\vm\prims\

Events (10 events):
Event: 3.669 Thread 0x0000000016dea800 DEOPT UNPACKING pc=0x0000000002ce582a sp=0x000000001739e818 mode 2
Event: 3.669 Thread 0x0000000016dea800 Uncommon trap: trap_request=0xffffff65 fr.pc=0x0000000002ffd64c
Event: 3.669 Thread 0x0000000016dea800 DEOPT PACKING pc=0x0000000002ffd64c sp=0x000000001739e8b0
Event: 3.669 Thread 0x0000000016dea800 DEOPT UNPACKING pc=0x0000000002ce582a sp=0x000000001739e838 mode 2
Event: 3.670 Thread 0x0000000016dea800 Uncommon trap: trap_request=0xffffff65 fr.pc=0x0000000002f33400
Event: 3.670 Thread 0x0000000016dea800 DEOPT PACKING pc=0x0000000002f33400 sp=0x000000001739ed20
Event: 3.670 Thread 0x0000000016dea800 DEOPT UNPACKING pc=0x0000000002ce582a sp=0x000000001739ec40 mode 2
Event: 3.680 Thread 0x0000000016f10000 Thread exited: 0x0000000016f10000
Event: 3.682 Thread 0x0000000016dea800 Thread exited: 0x0000000016dea800
Event: 3.725 Thread 0x0000000016e00000 Thread exited: 0x0000000016e00000


Dynamic libraries:
0x00007ff7b90b0000 - 0x00007ff7b90e7000 	C:\Program Files\Java\jdk1.8.0_101\bin\java.exe
0x00007ffefe4e0000 - 0x00007ffefe68d000 	C:\Windows\SYSTEM32\ntdll.dll
0x00007ffefdd90000 - 0x00007ffefdece000 	C:\Windows\system32\KERNEL32.DLL
0x00007ffefb730000 - 0x00007ffefb845000 	C:\Windows\system32\KERNELBASE.dll
0x00007ffefa0b0000 - 0x00007ffefa13e000 	C:\Windows\system32\apphelp.dll
0x00007ffee2e80000 - 0x00007ffee2ed3000 	C:\Windows\AppPatch\AppPatch64\AcGenral.DLL
0x00007ffefd870000 - 0x00007ffefd91a000 	C:\Windows\system32\msvcrt.dll
0x00007ffefba30000 - 0x00007ffefba5e000 	C:\Windows\system32\SspiCli.dll
0x00007ffefded0000 - 0x00007ffefdf24000 	C:\Windows\system32\SHLWAPI.dll
0x00007ffefe1f0000 - 0x00007ffefe367000 	C:\Windows\system32\USER32.dll
0x00007ffefbbd0000 - 0x00007ffefbd64000 	C:\Windows\system32\ole32.dll
0x00007ffefc340000 - 0x00007ffefd869000 	C:\Windows\system32\SHELL32.dll
0x00007ffefabe0000 - 0x00007ffefac01000 	C:\Windows\SYSTEM32\USERENV.dll
0x00007ffefd920000 - 0x00007ffefd9ca000 	C:\Windows\system32\ADVAPI32.dll
0x00007ffef0530000 - 0x00007ffef054e000 	C:\Windows\SYSTEM32\MPR.dll
0x00007ffefc030000 - 0x00007ffefc170000 	C:\Windows\system32\RPCRT4.dll
0x00007ffefdcd0000 - 0x00007ffefdd29000 	C:\Windows\SYSTEM32\sechost.dll
0x00007ffefd9e0000 - 0x00007ffefdbf1000 	C:\Windows\SYSTEM32\combase.dll
0x00007ffefc180000 - 0x00007ffefc2cf000 	C:\Windows\system32\GDI32.dll
0x00007ffefb610000 - 0x00007ffefb625000 	C:\Windows\SYSTEM32\profapi.dll
0x00007ffefa140000 - 0x00007ffefa1f2000 	C:\Windows\SYSTEM32\SHCORE.dll
0x00007ffefbd70000 - 0x00007ffefbda6000 	C:\Windows\system32\IMM32.DLL
0x00007ffefe370000 - 0x00007ffefe4c2000 	C:\Windows\system32\MSCTF.dll
0x00007ffef9480000 - 0x00007ffef96fb000 	C:\Windows\WinSxS\amd64_microsoft.windows.common-controls_6595b64144ccf1df_6.0.9600.18006_none_623f33d3ecbe86e8\COMCTL32.dll
0x000000006d880000 - 0x000000006d952000 	C:\Program Files\Java\jdk1.8.0_101\jre\bin\msvcr100.dll
0x000000006dd10000 - 0x000000006e5aa000 	C:\Program Files\Java\jdk1.8.0_101\jre\bin\server\jvm.dll
0x00007ffef0b70000 - 0x00007ffef0b79000 	C:\Windows\SYSTEM32\WSOCK32.dll
0x00007ffef9700000 - 0x00007ffef9722000 	C:\Windows\SYSTEM32\WINMM.dll
0x00007ffefa680000 - 0x00007ffefa68a000 	C:\Windows\SYSTEM32\VERSION.dll
0x00007ffefe4d0000 - 0x00007ffefe4d7000 	C:\Windows\system32\PSAPI.DLL
0x00007ffefdd30000 - 0x00007ffefdd8a000 	C:\Windows\system32\WS2_32.dll
0x00007ffef9240000 - 0x00007ffef926a000 	C:\Windows\SYSTEM32\WINMMBASE.dll
0x00007ffefd9d0000 - 0x00007ffefd9d9000 	C:\Windows\system32\NSI.dll
0x00007ffefb6e0000 - 0x00007ffefb72f000 	C:\Windows\SYSTEM32\cfgmgr32.dll
0x00007ffefa3f0000 - 0x00007ffefa418000 	C:\Windows\SYSTEM32\DEVOBJ.dll
0x000000006dd00000 - 0x000000006dd0f000 	C:\Program Files\Java\jdk1.8.0_101\jre\bin\verify.dll
0x000000006dcd0000 - 0x000000006dcf9000 	C:\Program Files\Java\jdk1.8.0_101\jre\bin\java.dll
0x000000006dcb0000 - 0x000000006dcc6000 	C:\Program Files\Java\jdk1.8.0_101\jre\bin\zip.dll

VM Arguments:
jvm_args: -Djava.awt.headless=true -Xmx1024M -Dfile.encoding=windows-1252 -Duser.country=US -Duser.language=en -Duser.variant 
java_command: com.android.dx.command.Main --dex --force-jumbo --num-threads=4 --multi-dex --output D:\mahatrain\app\build\intermediates\transforms\dex\debug\folders\1000\5\slice_7 D:\mahatrain\app\build\intermediates\transforms\instantRunSlicer\debug\folders\1\5\slice_7
java_class_path (initial): D:\android\sdk\build-tools\23.0.3\lib\dx.jar
Launcher Type: SUN_STANDARD

Environment Variables:
PATH=C:\ProgramData\Oracle\Java\javapath;C:\Program Files\Java\jre1.8.0_102;C:\Program Files (x86)\Skype\Phone\;C:\Program Files\Java\jdk1.8.0_101\bin
USERNAME=Smktelkom
OS=Windows_NT
PROCESSOR_IDENTIFIER=Intel64 Family 6 Model 69 Stepping 1, GenuineIntel



---------------  S Y S T E M  ---------------

OS: Windows 8.1 , 64 bit Build 9600 (6.3.9600.17415)

CPU:total 4 (2 cores per cpu, 2 threads per core) family 6 model 69 stepping 1, cmov, cx8, fxsr, mmx, sse, sse2, sse3, ssse3, sse4.1, sse4.2, popcnt, avx, avx2, aes, clmul, erms, lzcnt, ht, tsc, tscinvbit, bmi1, bmi2

Memory: 4k page, physical 4074560k(642784k free), swap 4074560k(2924k free)

vm_info: Java HotSpot(TM) 64-Bit Server VM (25.101-b13) for windows-amd64 JRE (1.8.0_101-b13), built on Jun 22 2016 01:21:29 by "java_re" with MS VC++ 10.0 (VS2010)

time: Tue Sep 13 06:34:11 2016
elapsed time: 3 seconds (0d 0h 0m 3s)

